This is pdfTeX, Version 3.14159265-2.6-1.40.21 (MiKTeX 2.9.7440 64-bit) (preloaded format=pdflatex 2020.6.17)  11 OCT 2020 16:40
entering extended mode
**"f:/OneDrive/OneDrive - Imperial College London/Academics/Second year/Computer Architecture/2 - Control and Data Path/Control and Data Path.tex"
("f:/OneDrive/OneDrive - Imperial College London/Academics/Second year/Computer Architecture/2 - Control and Data Path/Control and Data Path.tex"
LaTeX2e <2020-02-02> patch level 5
L3 programming layer <2020-06-03> ("C:\Users\alw\AppData\Local\Programs\MiKTeX 2.9\tex/latex/base\article.cls"
Document Class: article 2019/12/20 v1.4l Standard LaTeX document class
("C:\Users\alw\AppData\Local\Programs\MiKTeX 2.9\tex/latex/base\size10.clo"
File: size10.clo 2019/12/20 v1.4l Standard LaTeX file (size option)
)
\c@part=\count167
\c@section=\count168
\c@subsection=\count169
\c@subsubsection=\count170
\c@paragraph=\count171
\c@subparagraph=\count172
\c@figure=\count173
\c@table=\count174
\abovecaptionskip=\skip47
\belowcaptionskip=\skip48
\bibindent=\dimen134
) ("C:\Users\alw\AppData\Local\Programs\MiKTeX 2.9\tex/latex/appendix\appendix.sty"
Package: appendix 2020/02/08 v1.2c extra appendix facilities
\c@@pps=\count175
\c@@ppsavesec=\count176
\c@@ppsaveapp=\count177
) ("C:\Users\alw\AppData\Local\Programs\MiKTeX 2.9\tex/latex/graphics\graphicx.sty"
Package: graphicx 2019/11/30 v1.2a Enhanced LaTeX Graphics (DPC,SPQR)
 ("C:\Users\alw\AppData\Local\Programs\MiKTeX 2.9\tex/latex/graphics\keyval.sty"
Package: keyval 2014/10/28 v1.15 key=value parser (DPC)
\KV@toks@=\toks15
) ("C:\Users\alw\AppData\Local\Programs\MiKTeX 2.9\tex/latex/graphics\graphics.sty"
Package: graphics 2019/11/30 v1.4a Standard LaTeX Graphics (DPC,SPQR)
 ("C:\Users\alw\AppData\Local\Programs\MiKTeX 2.9\tex/latex/graphics\trig.sty"
Package: trig 2016/01/03 v1.10 sin cos tan (DPC)
) ("C:\Users\alw\AppData\Local\Programs\MiKTeX 2.9\tex/latex/graphics-cfg\graphics.cfg"
File: graphics.cfg 2016/06/04 v1.11 sample graphics configuration
)
Package graphics Info: Driver file: pdftex.def on input line 105.
 ("C:\Users\alw\AppData\Local\Programs\MiKTeX 2.9\tex/latex/graphics-def\pdftex.def"
File: pdftex.def 2018/01/08 v1.0l Graphics/color driver for pdftex
))
\Gin@req@height=\dimen135
\Gin@req@width=\dimen136
) ("C:\Users\alw\AppData\Local\Programs\MiKTeX 2.9\tex/latex/parskip\parskip.sty"
Package: parskip 2020-05-19 v2.0e non-zero parskip adjustments
 ("C:\Users\alw\AppData\Local\Programs\MiKTeX 2.9\tex/latex/kvoptions\kvoptions.sty"
Package: kvoptions 2019/11/29 v3.13 Key value format for package options (HO)
 ("C:\Users\alw\AppData\Local\Programs\MiKTeX 2.9\tex/generic/ltxcmds\ltxcmds.sty"
Package: ltxcmds 2019/12/15 v1.24 LaTeX kernel commands for general use (HO)
) ("C:\Users\alw\AppData\Local\Programs\MiKTeX 2.9\tex/generic/kvsetkeys\kvsetkeys.sty"
Package: kvsetkeys 2019/12/15 v1.18 Key value parser (HO)
)) ("C:\Users\alw\AppData\Local\Programs\MiKTeX 2.9\tex/latex/etoolbox\etoolbox.sty"
Package: etoolbox 2019/09/21 v2.5h e-TeX tools for LaTeX (JAW)
\etb@tempcnta=\count178
)) ("C:\Users\alw\AppData\Local\Programs\MiKTeX 2.9\tex/latex/listings\listings.sty"
\lst@mode=\count179
\lst@gtempboxa=\box45
\lst@token=\toks16
\lst@length=\count180
\lst@currlwidth=\dimen137
\lst@column=\count181
\lst@pos=\count182
\lst@lostspace=\dimen138
\lst@width=\dimen139
\lst@newlines=\count183
\lst@lineno=\count184
\lst@maxwidth=\dimen140
 ("C:\Users\alw\AppData\Local\Programs\MiKTeX 2.9\tex/latex/listings\lstmisc.sty"
File: lstmisc.sty 2020/03/24 1.8d (Carsten Heinz)
\c@lstnumber=\count185
\lst@skipnumbers=\count186
\lst@framebox=\box46
) ("C:\Users\alw\AppData\Local\Programs\MiKTeX 2.9\tex/latex/listings\listings.cfg"
File: listings.cfg 2020/03/24 1.8d listings configuration
))
Package: listings 2020/03/24 1.8d (Carsten Heinz)
 ("C:\Users\alw\AppData\Local\Programs\MiKTeX 2.9\tex/latex/caption\caption.sty"
Package: caption 2020/05/30 v3.4k Customizing captions (AR)
 ("C:\Users\alw\AppData\Local\Programs\MiKTeX 2.9\tex/latex/caption\caption3.sty"
Package: caption3 2020/05/30 v1.12 caption3 kernel (AR)
Package caption3 Info: TeX engine: e-TeX on input line 61.
\captionmargin=\dimen141
\captionmargin@=\dimen142
\captionwidth=\dimen143
\caption@tempdima=\dimen144
\caption@indent=\dimen145
\caption@parindent=\dimen146
\caption@hangindent=\dimen147
Package caption Info: Standard document class detected.
)
\c@caption@flags=\count187
\c@continuedfloat=\count188
Package caption Info: listings package is loaded.
) ("C:\Users\alw\AppData\Local\Programs\MiKTeX 2.9\tex/latex/caption\subcaption.sty"
Package: subcaption 2020/01/22 v1.3d Sub-captions (AR)
\c@subfigure=\count189
\c@subtable=\count190
) ("C:\Users\alw\AppData\Local\Programs\MiKTeX 2.9\tex/latex/amsmath\amsmath.sty"
Package: amsmath 2020/01/20 v2.17e AMS math features
\@mathmargin=\skip49

For additional information on amsmath, use the `?' option.
("C:\Users\alw\AppData\Local\Programs\MiKTeX 2.9\tex/latex/amsmath\amstext.sty"
Package: amstext 2000/06/29 v2.01 AMS text
 ("C:\Users\alw\AppData\Local\Programs\MiKTeX 2.9\tex/latex/amsmath\amsgen.sty"
File: amsgen.sty 1999/11/30 v2.0 generic functions
\@emptytoks=\toks17
\ex@=\dimen148
)) ("C:\Users\alw\AppData\Local\Programs\MiKTeX 2.9\tex/latex/amsmath\amsbsy.sty"
Package: amsbsy 1999/11/29 v1.2d Bold Symbols
\pmbraise@=\dimen149
) ("C:\Users\alw\AppData\Local\Programs\MiKTeX 2.9\tex/latex/amsmath\amsopn.sty"
Package: amsopn 2016/03/08 v2.02 operator names
)
\inf@bad=\count191
LaTeX Info: Redefining \frac on input line 227.
\uproot@=\count192
\leftroot@=\count193
LaTeX Info: Redefining \overline on input line 389.
\classnum@=\count194
\DOTSCASE@=\count195
LaTeX Info: Redefining \ldots on input line 486.
LaTeX Info: Redefining \dots on input line 489.
LaTeX Info: Redefining \cdots on input line 610.
\Mathstrutbox@=\box47
\strutbox@=\box48
\big@size=\dimen150
LaTeX Font Info:    Redeclaring font encoding OML on input line 733.
LaTeX Font Info:    Redeclaring font encoding OMS on input line 734.
\macc@depth=\count196
\c@MaxMatrixCols=\count197
\dotsspace@=\muskip16
\c@parentequation=\count198
\dspbrk@lvl=\count199
\tag@help=\toks18
\row@=\count266
\column@=\count267
\maxfields@=\count268
\andhelp@=\toks19
\eqnshift@=\dimen151
\alignsep@=\dimen152
\tagshift@=\dimen153
\tagwidth@=\dimen154
\totwidth@=\dimen155
\lineht@=\dimen156
\@envbody=\toks20
\multlinegap=\skip50
\multlinetaggap=\skip51
\mathdisplay@stack=\toks21
LaTeX Info: Redefining \[ on input line 2859.
LaTeX Info: Redefining \] on input line 2860.
) ("C:\Users\alw\AppData\Local\Programs\MiKTeX 2.9\tex/latex/xcolor\xcolor.sty"
Package: xcolor 2016/05/11 v2.12 LaTeX color extensions (UK)
 ("C:\Users\alw\AppData\Local\Programs\MiKTeX 2.9\tex/latex/graphics-cfg\color.cfg"
File: color.cfg 2016/01/02 v1.6 sample color configuration
)
Package xcolor Info: Driver file: pdftex.def on input line 225.
Package xcolor Info: Model `cmy' substituted by `cmy0' on input line 1348.
Package xcolor Info: Model `hsb' substituted by `rgb' on input line 1352.
Package xcolor Info: Model `RGB' extended on input line 1364.
Package xcolor Info: Model `HTML' substituted by `rgb' on input line 1366.
Package xcolor Info: Model `Hsb' substituted by `hsb' on input line 1367.
Package xcolor Info: Model `tHsb' substituted by `hsb' on input line 1368.
Package xcolor Info: Model `HSB' substituted by `hsb' on input line 1369.
Package xcolor Info: Model `Gray' substituted by `gray' on input line 1370.
Package xcolor Info: Model `wave' substituted by `hsb' on input line 1371.
) ("C:\Users\alw\AppData\Local\Programs\MiKTeX 2.9\tex/latex/tcolorbox\tcolorbox.sty"
Package: tcolorbox 2020/04/28 version 4.30 text color boxes
 ("C:\Users\alw\AppData\Local\Programs\MiKTeX 2.9\tex/latex/pgf/basiclayer\pgf.sty" ("C:\Users\alw\AppData\Local\Programs\MiKTeX 2.9\tex/latex/pgf/utilities\pgfrcs.sty" ("C:\Users\alw\AppData\Local\Programs\MiKTeX 2.9\tex/generic/pgf/utilities\pgfutil-common.tex"
\pgfutil@everybye=\toks22
\pgfutil@tempdima=\dimen157
\pgfutil@tempdimb=\dimen158
 ("C:\Users\alw\AppData\Local\Programs\MiKTeX 2.9\tex/generic/pgf/utilities\pgfutil-common-lists.tex")) ("C:\Users\alw\AppData\Local\Programs\MiKTeX 2.9\tex/generic/pgf/utilities\pgfutil-latex.def"
\pgfutil@abb=\box49
 ("C:\Users\alw\AppData\Local\Programs\MiKTeX 2.9\tex/latex/ms\everyshi.sty"
Package: everyshi 2001/05/15 v3.00 EveryShipout Package (MS)
)) ("C:\Users\alw\AppData\Local\Programs\MiKTeX 2.9\tex/generic/pgf/utilities\pgfrcs.code.tex" ("C:\Users\alw\AppData\Local\Programs\MiKTeX 2.9\tex/generic/pgf\pgf.revision.tex")
Package: pgfrcs 2020/01/08 v3.1.5b (3.1.5b)
))
Package: pgf 2020/01/08 v3.1.5b (3.1.5b)
 ("C:\Users\alw\AppData\Local\Programs\MiKTeX 2.9\tex/latex/pgf/basiclayer\pgfcore.sty" ("C:\Users\alw\AppData\Local\Programs\MiKTeX 2.9\tex/latex/pgf/systemlayer\pgfsys.sty" ("C:\Users\alw\AppData\Local\Programs\MiKTeX 2.9\tex/generic/pgf/systemlayer\pgfsys.code.tex"
Package: pgfsys 2020/01/08 v3.1.5b (3.1.5b)
 ("C:\Users\alw\AppData\Local\Programs\MiKTeX 2.9\tex/generic/pgf/utilities\pgfkeys.code.tex"
\pgfkeys@pathtoks=\toks23
\pgfkeys@temptoks=\toks24
 ("C:\Users\alw\AppData\Local\Programs\MiKTeX 2.9\tex/generic/pgf/utilities\pgfkeysfiltered.code.tex"
\pgfkeys@tmptoks=\toks25
))
\pgf@x=\dimen159
\pgf@y=\dimen160
\pgf@xa=\dimen161
\pgf@ya=\dimen162
\pgf@xb=\dimen163
\pgf@yb=\dimen164
\pgf@xc=\dimen165
\pgf@yc=\dimen166
\pgf@xd=\dimen167
\pgf@yd=\dimen168
\w@pgf@writea=\write3
\r@pgf@reada=\read2
\c@pgf@counta=\count269
\c@pgf@countb=\count270
\c@pgf@countc=\count271
\c@pgf@countd=\count272
\t@pgf@toka=\toks26
\t@pgf@tokb=\toks27
\t@pgf@tokc=\toks28
\pgf@sys@id@count=\count273
 ("C:\Users\alw\AppData\Local\Programs\MiKTeX 2.9\tex/generic/pgf/systemlayer\pgf.cfg"
File: pgf.cfg 2020/01/08 v3.1.5b (3.1.5b)
)
Driver file for pgf: pgfsys-pdftex.def
 ("C:\Users\alw\AppData\Local\Programs\MiKTeX 2.9\tex/generic/pgf/systemlayer\pgfsys-pdftex.def"
File: pgfsys-pdftex.def 2020/01/08 v3.1.5b (3.1.5b)
 ("C:\Users\alw\AppData\Local\Programs\MiKTeX 2.9\tex/generic/pgf/systemlayer\pgfsys-common-pdf.def"
File: pgfsys-common-pdf.def 2020/01/08 v3.1.5b (3.1.5b)
))) ("C:\Users\alw\AppData\Local\Programs\MiKTeX 2.9\tex/generic/pgf/systemlayer\pgfsyssoftpath.code.tex"
File: pgfsyssoftpath.code.tex 2020/01/08 v3.1.5b (3.1.5b)
\pgfsyssoftpath@smallbuffer@items=\count274
\pgfsyssoftpath@bigbuffer@items=\count275
) ("C:\Users\alw\AppData\Local\Programs\MiKTeX 2.9\tex/generic/pgf/systemlayer\pgfsysprotocol.code.tex"
File: pgfsysprotocol.code.tex 2020/01/08 v3.1.5b (3.1.5b)
)) ("C:\Users\alw\AppData\Local\Programs\MiKTeX 2.9\tex/generic/pgf/basiclayer\pgfcore.code.tex"
Package: pgfcore 2020/01/08 v3.1.5b (3.1.5b)
 ("C:\Users\alw\AppData\Local\Programs\MiKTeX 2.9\tex/generic/pgf/math\pgfmath.code.tex" ("C:\Users\alw\AppData\Local\Programs\MiKTeX 2.9\tex/generic/pgf/math\pgfmathcalc.code.tex" ("C:\Users\alw\AppData\Local\Programs\MiKTeX 2.9\tex/generic/pgf/math\pgfmathutil.code.tex") ("C:\Users\alw\AppData\Local\Programs\MiKTeX 2.9\tex/generic/pgf/math\pgfmathparser.code.tex"
\pgfmath@dimen=\dimen169
\pgfmath@count=\count276
\pgfmath@box=\box50
\pgfmath@toks=\toks29
\pgfmath@stack@operand=\toks30
\pgfmath@stack@operation=\toks31
) ("C:\Users\alw\AppData\Local\Programs\MiKTeX 2.9\tex/generic/pgf/math\pgfmathfunctions.code.tex" ("C:\Users\alw\AppData\Local\Programs\MiKTeX 2.9\tex/generic/pgf/math\pgfmathfunctions.basic.code.tex") ("C:\Users\alw\AppData\Local\Programs\MiKTeX 2.9\tex/generic/pgf/math\pgfmathfunctions.trigonometric.code.tex") ("C:\Users\alw\AppData\Local\Programs\MiKTeX 2.9\tex/generic/pgf/math\pgfmathfunctions.random.code.tex") ("C:\Users\alw\AppData\Local\Programs\MiKTeX 2.9\tex/generic/pgf/math\pgfmathfunctions.comparison.code.tex") ("C:\Users\alw\AppData\Local\Programs\MiKTeX 2.9\tex/generic/pgf/math\pgfmathfunctions.base.code.tex") ("C:\Users\alw\AppData\Local\Programs\MiKTeX 2.9\tex/generic/pgf/math\pgfmathfunctions.round.code.tex") ("C:\Users\alw\AppData\Local\Programs\MiKTeX 2.9\tex/generic/pgf/math\pgfmathfunctions.misc.code.tex") ("C:\Users\alw\AppData\Local\Programs\MiKTeX 2.9\tex/generic/pgf/math\pgfmathfunctions.integerarithmetics.code.tex"))) ("C:\Users\alw\AppData\Local\Programs\MiKTeX 2.9\tex/generic/pgf/math\pgfmathfloat.code.tex"
\c@pgfmathroundto@lastzeros=\count277
)) ("C:\Users\alw\AppData\Local\Programs\MiKTeX 2.9\tex/generic/pgf/math\pgfint.code.tex") ("C:\Users\alw\AppData\Local\Programs\MiKTeX 2.9\tex/generic/pgf/basiclayer\pgfcorepoints.code.tex"
File: pgfcorepoints.code.tex 2020/01/08 v3.1.5b (3.1.5b)
\pgf@picminx=\dimen170
\pgf@picmaxx=\dimen171
\pgf@picminy=\dimen172
\pgf@picmaxy=\dimen173
\pgf@pathminx=\dimen174
\pgf@pathmaxx=\dimen175
\pgf@pathminy=\dimen176
\pgf@pathmaxy=\dimen177
\pgf@xx=\dimen178
\pgf@xy=\dimen179
\pgf@yx=\dimen180
\pgf@yy=\dimen181
\pgf@zx=\dimen182
\pgf@zy=\dimen183
) ("C:\Users\alw\AppData\Local\Programs\MiKTeX 2.9\tex/generic/pgf/basiclayer\pgfcorepathconstruct.code.tex"
File: pgfcorepathconstruct.code.tex 2020/01/08 v3.1.5b (3.1.5b)
\pgf@path@lastx=\dimen184
\pgf@path@lasty=\dimen185
) ("C:\Users\alw\AppData\Local\Programs\MiKTeX 2.9\tex/generic/pgf/basiclayer\pgfcorepathusage.code.tex"
File: pgfcorepathusage.code.tex 2020/01/08 v3.1.5b (3.1.5b)
\pgf@shorten@end@additional=\dimen186
\pgf@shorten@start@additional=\dimen187
) ("C:\Users\alw\AppData\Local\Programs\MiKTeX 2.9\tex/generic/pgf/basiclayer\pgfcorescopes.code.tex"
File: pgfcorescopes.code.tex 2020/01/08 v3.1.5b (3.1.5b)
\pgfpic=\box51
\pgf@hbox=\box52
\pgf@layerbox@main=\box53
\pgf@picture@serial@count=\count278
) ("C:\Users\alw\AppData\Local\Programs\MiKTeX 2.9\tex/generic/pgf/basiclayer\pgfcoregraphicstate.code.tex"
File: pgfcoregraphicstate.code.tex 2020/01/08 v3.1.5b (3.1.5b)
\pgflinewidth=\dimen188
) ("C:\Users\alw\AppData\Local\Programs\MiKTeX 2.9\tex/generic/pgf/basiclayer\pgfcoretransformations.code.tex"
File: pgfcoretransformations.code.tex 2020/01/08 v3.1.5b (3.1.5b)
\pgf@pt@x=\dimen189
\pgf@pt@y=\dimen190
\pgf@pt@temp=\dimen191
) ("C:\Users\alw\AppData\Local\Programs\MiKTeX 2.9\tex/generic/pgf/basiclayer\pgfcorequick.code.tex"
File: pgfcorequick.code.tex 2020/01/08 v3.1.5b (3.1.5b)
) ("C:\Users\alw\AppData\Local\Programs\MiKTeX 2.9\tex/generic/pgf/basiclayer\pgfcoreobjects.code.tex"
File: pgfcoreobjects.code.tex 2020/01/08 v3.1.5b (3.1.5b)
) ("C:\Users\alw\AppData\Local\Programs\MiKTeX 2.9\tex/generic/pgf/basiclayer\pgfcorepathprocessing.code.tex"
File: pgfcorepathprocessing.code.tex 2020/01/08 v3.1.5b (3.1.5b)
) ("C:\Users\alw\AppData\Local\Programs\MiKTeX 2.9\tex/generic/pgf/basiclayer\pgfcorearrows.code.tex"
File: pgfcorearrows.code.tex 2020/01/08 v3.1.5b (3.1.5b)
\pgfarrowsep=\dimen192
) ("C:\Users\alw\AppData\Local\Programs\MiKTeX 2.9\tex/generic/pgf/basiclayer\pgfcoreshade.code.tex"
File: pgfcoreshade.code.tex 2020/01/08 v3.1.5b (3.1.5b)
\pgf@max=\dimen193
\pgf@sys@shading@range@num=\count279
\pgf@shadingcount=\count280
) ("C:\Users\alw\AppData\Local\Programs\MiKTeX 2.9\tex/generic/pgf/basiclayer\pgfcoreimage.code.tex"
File: pgfcoreimage.code.tex 2020/01/08 v3.1.5b (3.1.5b)
 ("C:\Users\alw\AppData\Local\Programs\MiKTeX 2.9\tex/generic/pgf/basiclayer\pgfcoreexternal.code.tex"
File: pgfcoreexternal.code.tex 2020/01/08 v3.1.5b (3.1.5b)
\pgfexternal@startupbox=\box54
)) ("C:\Users\alw\AppData\Local\Programs\MiKTeX 2.9\tex/generic/pgf/basiclayer\pgfcorelayers.code.tex"
File: pgfcorelayers.code.tex 2020/01/08 v3.1.5b (3.1.5b)
) ("C:\Users\alw\AppData\Local\Programs\MiKTeX 2.9\tex/generic/pgf/basiclayer\pgfcoretransparency.code.tex"
File: pgfcoretransparency.code.tex 2020/01/08 v3.1.5b (3.1.5b)
) ("C:\Users\alw\AppData\Local\Programs\MiKTeX 2.9\tex/generic/pgf/basiclayer\pgfcorepatterns.code.tex"
File: pgfcorepatterns.code.tex 2020/01/08 v3.1.5b (3.1.5b)
) ("C:\Users\alw\AppData\Local\Programs\MiKTeX 2.9\tex/generic/pgf/basiclayer\pgfcorerdf.code.tex"
File: pgfcorerdf.code.tex 2020/01/08 v3.1.5b (3.1.5b)
))) ("C:\Users\alw\AppData\Local\Programs\MiKTeX 2.9\tex/generic/pgf/modules\pgfmoduleshapes.code.tex"
File: pgfmoduleshapes.code.tex 2020/01/08 v3.1.5b (3.1.5b)
\pgfnodeparttextbox=\box55
) ("C:\Users\alw\AppData\Local\Programs\MiKTeX 2.9\tex/generic/pgf/modules\pgfmoduleplot.code.tex"
File: pgfmoduleplot.code.tex 2020/01/08 v3.1.5b (3.1.5b)
) ("C:\Users\alw\AppData\Local\Programs\MiKTeX 2.9\tex/latex/pgf/compatibility\pgfcomp-version-0-65.sty"
Package: pgfcomp-version-0-65 2020/01/08 v3.1.5b (3.1.5b)
\pgf@nodesepstart=\dimen194
\pgf@nodesepend=\dimen195
) ("C:\Users\alw\AppData\Local\Programs\MiKTeX 2.9\tex/latex/pgf/compatibility\pgfcomp-version-1-18.sty"
Package: pgfcomp-version-1-18 2020/01/08 v3.1.5b (3.1.5b)
)) ("C:\Users\alw\AppData\Local\Programs\MiKTeX 2.9\tex/latex/tools\verbatim.sty"
Package: verbatim 2019/11/10 v1.5r LaTeX2e package for verbatim enhancements
\every@verbatim=\toks32
\verbatim@line=\toks33
\verbatim@in@stream=\read3
) ("C:\Users\alw\AppData\Local\Programs\MiKTeX 2.9\tex/latex/environ\environ.sty"
Package: environ 2014/05/04 v0.3 A new way to define environments
 ("C:\Users\alw\AppData\Local\Programs\MiKTeX 2.9\tex/latex/trimspaces\trimspaces.sty"
Package: trimspaces 2009/09/17 v1.1 Trim spaces around a token list
))
\tcb@titlebox=\box56
\tcb@upperbox=\box57
\tcb@lowerbox=\box58
\tcb@phantombox=\box59
\c@tcbbreakpart=\count281
\c@tcblayer=\count282
\c@tcolorbox@number=\count283
\tcb@temp=\box60
\tcb@temp=\box61
\tcb@temp=\box62
\tcb@temp=\box63
\tcb@out=\write4
\tcb@record@out=\write5
 ("C:\Users\alw\AppData\Local\Programs\MiKTeX 2.9\tex/latex/tcolorbox\tcbraster.code.tex"
Library (tcolorbox): 'tcbraster.code.tex' version '4.30'
\c@tcbrastercolumn=\count284
\c@tcbrasterrow=\count285
\c@tcbraster=\count286
) ("C:\Users\alw\AppData\Local\Programs\MiKTeX 2.9\tex/latex/tcolorbox\tcbskins.code.tex"
Library (tcolorbox): 'tcbskins.code.tex' version '4.30'
("C:\Users\alw\AppData\Local\Programs\MiKTeX 2.9\tex/latex/pgf/frontendlayer\tikz.sty" ("C:\Users\alw\AppData\Local\Programs\MiKTeX 2.9\tex/latex/pgf/utilities\pgffor.sty" ("C:\Users\alw\AppData\Local\Programs\MiKTeX 2.9\tex/latex/pgf/utilities\pgfkeys.sty" ("C:\Users\alw\AppData\Local\Programs\MiKTeX 2.9\tex/generic/pgf/utilities\pgfkeys.code.tex")) ("C:\Users\alw\AppData\Local\Programs\MiKTeX 2.9\tex/latex/pgf/math\pgfmath.sty" ("C:\Users\alw\AppData\Local\Programs\MiKTeX 2.9\tex/generic/pgf/math\pgfmath.code.tex")) ("C:\Users\alw\AppData\Local\Programs\MiKTeX 2.9\tex/generic/pgf/utilities\pgffor.code.tex"
Package: pgffor 2020/01/08 v3.1.5b (3.1.5b)
 ("C:\Users\alw\AppData\Local\Programs\MiKTeX 2.9\tex/generic/pgf/math\pgfmath.code.tex")
\pgffor@iter=\dimen196
\pgffor@skip=\dimen197
\pgffor@stack=\toks34
\pgffor@toks=\toks35
)) ("C:\Users\alw\AppData\Local\Programs\MiKTeX 2.9\tex/generic/pgf/frontendlayer/tikz\tikz.code.tex"
Package: tikz 2020/01/08 v3.1.5b (3.1.5b)
 ("C:\Users\alw\AppData\Local\Programs\MiKTeX 2.9\tex/generic/pgf/libraries\pgflibraryplothandlers.code.tex"
File: pgflibraryplothandlers.code.tex 2020/01/08 v3.1.5b (3.1.5b)
\pgf@plot@mark@count=\count287
\pgfplotmarksize=\dimen198
)
\tikz@lastx=\dimen199
\tikz@lasty=\dimen256
\tikz@lastxsaved=\dimen257
\tikz@lastysaved=\dimen258
\tikz@lastmovetox=\dimen259
\tikz@lastmovetoy=\dimen260
\tikzleveldistance=\dimen261
\tikzsiblingdistance=\dimen262
\tikz@figbox=\box64
\tikz@figbox@bg=\box65
\tikz@tempbox=\box66
\tikz@tempbox@bg=\box67
\tikztreelevel=\count288
\tikznumberofchildren=\count289
\tikznumberofcurrentchild=\count290
\tikz@fig@count=\count291
 ("C:\Users\alw\AppData\Local\Programs\MiKTeX 2.9\tex/generic/pgf/modules\pgfmodulematrix.code.tex"
File: pgfmodulematrix.code.tex 2020/01/08 v3.1.5b (3.1.5b)
\pgfmatrixcurrentrow=\count292
\pgfmatrixcurrentcolumn=\count293
\pgf@matrix@numberofcolumns=\count294
)
\tikz@expandcount=\count295
 ("C:\Users\alw\AppData\Local\Programs\MiKTeX 2.9\tex/generic/pgf/frontendlayer/tikz/libraries\tikzlibrarytopaths.code.tex"
File: tikzlibrarytopaths.code.tex 2020/01/08 v3.1.5b (3.1.5b)
)))
\tcb@waterbox=\box68
 ("C:\Users\alw\AppData\Local\Programs\MiKTeX 2.9\tex/latex/tcolorbox\tcbskinsjigsaw.code.tex"
Library (tcolorbox): 'tcbskinsjigsaw.code.tex' version '4.30'
)) ("C:\Users\alw\AppData\Local\Programs\MiKTeX 2.9\tex/latex/tcolorbox\tcbbreakable.code.tex"
Library (tcolorbox): 'tcbbreakable.code.tex' version '4.30'
\tcb@testbox=\box69
\tcb@totalupperbox=\box70
\tcb@totallowerbox=\box71
) ("C:\Users\alw\AppData\Local\Programs\MiKTeX 2.9\tex/latex/tcolorbox\tcbhooks.code.tex"
Library (tcolorbox): 'tcbhooks.code.tex' version '4.30'
) ("C:\Users\alw\AppData\Local\Programs\MiKTeX 2.9\tex/latex/tcolorbox\tcbtheorems.code.tex"
Library (tcolorbox): 'tcbtheorems.code.tex' version '4.30'
) ("C:\Users\alw\AppData\Local\Programs\MiKTeX 2.9\tex/latex/tcolorbox\tcbfitting.code.tex"
Library (tcolorbox): 'tcbfitting.code.tex' version '4.30'
\tcbfitdim=\dimen263
\tcb@lowerfitdim=\dimen264
\tcb@upperfitdim=\dimen265
\tcb@cur@hbadness=\count296
) ("C:\Users\alw\AppData\Local\Programs\MiKTeX 2.9\tex/latex/tcolorbox\tcbxparse.code.tex"
Library (tcolorbox): 'tcbxparse.code.tex' version '4.30'
("C:\Users\alw\AppData\Local\Programs\MiKTeX 2.9\tex/latex/l3packages/xparse\xparse.sty" ("C:\Users\alw\AppData\Local\Programs\MiKTeX 2.9\tex/latex/l3kernel\expl3.sty"
Package: expl3 2020-06-03 L3 programming layer (loader) 
 ("C:\Users\alw\AppData\Local\Programs\MiKTeX 2.9\tex/latex/l3backend\l3backend-pdfmode.def"
File: l3backend-pdfmode.def 2020-06-03 L3 backend support: PDF mode
\l__kernel_color_stack_int=\count297
\l__pdf_internal_box=\box72
))
Package: xparse 2020-05-15 L3 Experimental document command parser
 ("C:\Users\alw\AppData\Local\Programs\MiKTeX 2.9\tex/latex/l3packages/xparse\xparse-generic.tex"
\l__xparse_current_arg_int=\count298
\g__xparse_grabber_int=\count299
\l__xparse_m_args_int=\count300
\l__xparse_v_nesting_int=\count301
))) ("C:\Users\alw\AppData\Local\Programs\MiKTeX 2.9\tex/latex/tcolorbox\tcblistingsutf8.code.tex"
Library (tcolorbox): 'tcblistingsutf8.code.tex' version '4.30'
("C:\Users\alw\AppData\Local\Programs\MiKTeX 2.9\tex/latex/tcolorbox\tcblistings.code.tex"
Library (tcolorbox): 'tcblistings.code.tex' version '4.30'
("C:\Users\alw\AppData\Local\Programs\MiKTeX 2.9\tex/latex/tcolorbox\tcblistingscore.code.tex"
Library (tcolorbox): 'tcblistingscore.code.tex' version '4.30'
("C:\Users\alw\AppData\Local\Programs\MiKTeX 2.9\tex/latex/tcolorbox\tcbprocessing.code.tex"
Library (tcolorbox): 'tcbprocessing.code.tex' version '4.30'
("C:\Users\alw\AppData\Local\Programs\MiKTeX 2.9\tex/latex/pdftexcmds\pdftexcmds.sty"
Package: pdftexcmds 2020-06-04 v0.32 Utility functions of pdfTeX for LuaTeX (HO)
 ("C:\Users\alw\AppData\Local\Programs\MiKTeX 2.9\tex/generic/infwarerr\infwarerr.sty"
Package: infwarerr 2019/12/03 v1.5 Providing info/warning/error messages (HO)
) ("C:\Users\alw\AppData\Local\Programs\MiKTeX 2.9\tex/generic/iftex\iftex.sty"
Package: iftex 2020/03/06 v1.0d TeX engine tests
)
Package pdftexcmds Info: \pdf@primitive is available.
Package pdftexcmds Info: \pdf@ifprimitive is available.
Package pdftexcmds Info: \pdfdraftmode found.
) ("C:\Users\alw\AppData\Local\Programs\MiKTeX 2.9\tex/latex/tools\shellesc.sty"
Package: shellesc 2019/11/08 v1.0c unified shell escape interface for LaTeX
Package shellesc Info: Restricted shell escape enabled on input line 77.
))
\c@tcblisting=\count302
)) ("C:\Users\alw\AppData\Local\Programs\MiKTeX 2.9\tex/latex/listingsutf8\listingsutf8.sty"
Package: listingsutf8 2019-12-10 v1.5 Allow UTF-8 in listings input (HO)
 ("C:\Users\alw\AppData\Local\Programs\MiKTeX 2.9\tex/generic/stringenc\stringenc.sty"
Package: stringenc 2019/11/29 v1.12 Convert strings between diff. encodings (HO)
 ("C:\Users\alw\AppData\Local\Programs\MiKTeX 2.9\tex/generic/pdfescape\pdfescape.sty"
Package: pdfescape 2019/12/09 v1.15 Implements pdfTeX's escape features (HO)
)))) ("C:\Users\alw\AppData\Local\Programs\MiKTeX 2.9\tex/latex/tcolorbox\tcbexternal.code.tex"
Library (tcolorbox): 'tcbexternal.code.tex' version '4.30'
) ("C:\Users\alw\AppData\Local\Programs\MiKTeX 2.9\tex/latex/tcolorbox\tcbmagazine.code.tex"
Library (tcolorbox): 'tcbmagazine.code.tex' version '4.30'
) ("C:\Users\alw\AppData\Local\Programs\MiKTeX 2.9\tex/latex/tcolorbox\tcbvignette.code.tex"
Library (tcolorbox): 'tcbvignette.code.tex' version '4.30'
("C:\Users\alw\AppData\Local\Programs\MiKTeX 2.9\tex/generic/pgf/frontendlayer/tikz/libraries\tikzlibraryfadings.code.tex"
File: tikzlibraryfadings.code.tex 2020/01/08 v3.1.5b (3.1.5b)
 ("C:\Users\alw\AppData\Local\Programs\MiKTeX 2.9\tex/generic/pgf/libraries\pgflibraryfadings.code.tex"
File: pgflibraryfadings.code.tex 2020/01/08 v3.1.5b (3.1.5b)
))) ("C:\Users\alw\AppData\Local\Programs\MiKTeX 2.9\tex/latex/tcolorbox\tcbposter.code.tex"
Library (tcolorbox): 'tcbposter.code.tex' version '4.30'
)) ("f:/OneDrive\OneDrive - Imperial College London\Academics\Second year\Computer Architecture\2 - Control and Data Path\Control and Data Path.aux")
\openout1 = `"Control and Data Path.aux"'.

LaTeX Font Info:    Checking defaults for OML/cmm/m/it on input line 46.
LaTeX Font Info:    ... okay on input line 46.
LaTeX Font Info:    Checking defaults for OMS/cmsy/m/n on input line 46.
LaTeX Font Info:    ... okay on input line 46.
LaTeX Font Info:    Checking defaults for OT1/cmr/m/n on input line 46.
LaTeX Font Info:    ... okay on input line 46.
LaTeX Font Info:    Checking defaults for T1/cmr/m/n on input line 46.
LaTeX Font Info:    ... okay on input line 46.
LaTeX Font Info:    Checking defaults for TS1/cmr/m/n on input line 46.
LaTeX Font Info:    ... okay on input line 46.
LaTeX Font Info:    Checking defaults for OMX/cmex/m/n on input line 46.
LaTeX Font Info:    ... okay on input line 46.
LaTeX Font Info:    Checking defaults for U/cmr/m/n on input line 46.
LaTeX Font Info:    ... okay on input line 46.
 ("C:\Users\alw\AppData\Local\Programs\MiKTeX 2.9\tex/context/base/mkii\supp-pdf.mkii"
[Loading MPS to PDF converter (version 2006.09.02).]
\scratchcounter=\count303
\scratchdimen=\dimen266
\scratchbox=\box73
\nofMPsegments=\count304
\nofMParguments=\count305
\everyMPshowfont=\toks36
\MPscratchCnt=\count306
\MPscratchDim=\dimen267
\MPnumerator=\count307
\makeMPintoPDFobject=\count308
\everyMPtoPDFconversion=\toks37
) ("C:\Users\alw\AppData\Local\Programs\MiKTeX 2.9\tex/latex/epstopdf-pkg\epstopdf-base.sty"
Package: epstopdf-base 2020-01-24 v2.11 Base part for package epstopdf
Package epstopdf-base Info: Redefining graphics rule for `.eps' on input line 485.
)
\c@lstlisting=\count309
Package caption Info: Begin \AtBeginDocument code.
Package caption Info: End \AtBeginDocument code.
 ABD: EveryShipout initializing macros ("C:\Users\alw\AppData\Local\Programs\MiKTeX 2.9\tex/latex/base\inputenc.sty"
Package: inputenc 2018/08/11 v1.3c Input encoding file
\inpenc@prehook=\toks38
\inpenc@posthook=\toks39
) [1

{C:/Users/alw/AppData/Local/MiKTeX/2.9/pdftex/config/pdftex.map}] ("f:/OneDrive\OneDrive - Imperial College London\Academics\Second year\Computer Architecture\2 - Control and Data Path\Control and Data Path.toc")
\tf@toc=\write6
\openout6 = `"Control and Data Path.toc"'.

 [1]
<./Images/High level MIPS view.JPG, id=54, 442.0515pt x 239.6955pt>
File: ./Images/High level MIPS view.JPG Graphic file (type jpg)
<use ./Images/High level MIPS view.JPG>
Package pdftex.def Info: ./Images/High level MIPS view.JPG  used on input line 124.
(pdftex.def)             Requested size: 309.43393pt x 167.78569pt.


LaTeX Warning: `!h' float specifier changed to `!ht'.

[2] [3 <./Images/High level MIPS view.JPG>]
<./Images/Data path.jpg, id=64, 523.35526pt x 390.258pt>
File: ./Images/Data path.jpg Graphic file (type jpg)
<use ./Images/Data path.jpg>
Package pdftex.def Info: ./Images/Data path.jpg  used on input line 170.
(pdftex.def)             Requested size: 340.17686pt x 253.66469pt.
 [4 <./Images/Data path.jpg>]
Underfull \hbox (badness 10000) in paragraph at lines 196--202

 []

[5]
<./Images/Clocking.JPG, id=72, 308.95425pt x 92.7465pt>
File: ./Images/Clocking.JPG Graphic file (type jpg)
<use ./Images/Clocking.JPG>
Package pdftex.def Info: ./Images/Clocking.JPG  used on input line 249.
(pdftex.def)             Requested size: 185.37398pt x 55.64833pt.

Underfull \hbox (badness 10000) in paragraph at lines 256--261

 []

[6 <./Images/Clocking.JPG>]
<./Images/Core data path.JPG, id=77, 258.9675pt x 203.5605pt>
File: ./Images/Core data path.JPG Graphic file (type jpg)
<use ./Images/Core data path.JPG>
Package pdftex.def Info: ./Images/Core data path.JPG  used on input line 295.
(pdftex.def)             Requested size: 155.38168pt x 122.13724pt.
 [7 <./Images/Core data path.JPG>]
<./Images/R type.JPG, id=81, 548.64975pt x 81.906pt>
File: ./Images/R type.JPG Graphic file (type jpg)
<use ./Images/R type.JPG>
Package pdftex.def Info: ./Images/R type.JPG  used on input line 314.
(pdftex.def)             Requested size: 274.3242pt x 40.9529pt.
<./Images/Register file.JPG, id=82, 285.4665pt x 155.3805pt>
File: ./Images/Register file.JPG Graphic file (type jpg)
<use ./Images/Register file.JPG>
Package pdftex.def Info: ./Images/Register file.JPG  used on input line 331.
(pdftex.def)             Requested size: 199.82518pt x 108.76558pt.
LaTeX Font Info:    Trying to load font information for TS1+cmtt on input line 335.
 ("C:\Users\alw\AppData\Local\Programs\MiKTeX 2.9\tex/latex/base\ts1cmtt.fd"
File: ts1cmtt.fd 2019/12/16 v2.5j Standard LaTeX font definitions
)
<./Images/R type example.JPG, id=83, 292.09125pt x 107.2005pt>
File: ./Images/R type example.JPG Graphic file (type jpg)
<use ./Images/R type example.JPG>
Package pdftex.def Info: ./Images/R type example.JPG  used on input line 338.
(pdftex.def)             Requested size: 233.6733pt x 85.7605pt.
 [8 <./Images/R type.JPG> <./Images/Register file.JPG> <./Images/R type example.JPG>]
<./Images/I type.JPG, id=88, 574.5465pt x 83.1105pt>
File: ./Images/I type.JPG Graphic file (type jpg)
<use ./Images/I type.JPG>
Package pdftex.def Info: ./Images/I type.JPG  used on input line 348.
(pdftex.def)             Requested size: 287.27254pt x 41.55513pt.
<./Images/I type example 1.JPG, id=89, 431.211pt x 177.66376pt>
File: ./Images/I type example 1.JPG Graphic file (type jpg)
<use ./Images/I type example 1.JPG>
Package pdftex.def Info: ./Images/I type example 1.JPG  used on input line 373.
(pdftex.def)             Requested size: 344.96927pt x 142.13118pt.
 [9 <./Images/I type.JPG> <./Images/I type example 1.JPG>]
<./Images/I type example 2.JPG, id=93, 429.40425pt x 177.66376pt>
File: ./Images/I type example 2.JPG Graphic file (type jpg)
<use ./Images/I type example 2.JPG>
Package pdftex.def Info: ./Images/I type example 2.JPG  used on input line 381.
(pdftex.def)             Requested size: 343.52385pt x 142.13118pt.
 [10 <./Images/I type example 2.JPG>]
<./Images/Branch.JPG, id=97, 439.04025pt x 316.18124pt>
File: ./Images/Branch.JPG Graphic file (type jpg)
<use ./Images/Branch.JPG>
Package pdftex.def Info: ./Images/Branch.JPG  used on input line 444.
(pdftex.def)             Requested size: 307.32608pt x 221.32535pt.
 [11 <./Images/Branch.JPG>]
<./Images/Core datapath.JPG, id=101, 467.94826pt x 314.3745pt>
File: ./Images/Core datapath.JPG Graphic file (type jpg)
<use ./Images/Core datapath.JPG>
Package pdftex.def Info: ./Images/Core datapath.JPG  used on input line 458.
(pdftex.def)             Requested size: 350.96033pt x 235.78029pt.

Overfull \hbox (5.96033pt too wide) in paragraph at lines 458--459
 [][] 
 []

[12 <./Images/Core datapath.JPG>]
<./Images/ALU instructions.JPG, id=106, 434.22224pt x 153.57375pt>
File: ./Images/ALU instructions.JPG Graphic file (type jpg)
<use ./Images/ALU instructions.JPG>
Package pdftex.def Info: ./Images/ALU instructions.JPG  used on input line 484.
(pdftex.def)             Requested size: 347.37827pt x 122.85915pt.

Overfull \hbox (2.37827pt too wide) in paragraph at lines 484--485
 [][] 
 []

<./Images/ALU basic.JPG, id=107, 225.2415pt x 106.59825pt>
File: ./Images/ALU basic.JPG Graphic file (type jpg)
<use ./Images/ALU basic.JPG>
Package pdftex.def Info: ./Images/ALU basic.JPG  used on input line 493.
(pdftex.def)             Requested size: 157.66795pt x 74.61826pt.
[13 <./Images/ALU instructions.JPG> <./Images/ALU basic.JPG>]
<./Images/ALU diagram.JPG, id=111, 190.311pt x 93.34875pt>
File: ./Images/ALU diagram.JPG Graphic file (type jpg)
<use ./Images/ALU diagram.JPG>
Package pdftex.def Info: ./Images/ALU diagram.JPG  used on input line 521.
(pdftex.def)             Requested size: 133.21677pt x 65.34366pt.
 [14 <./Images/ALU diagram.JPG>]
<./Images/ALU simplified.JPG, id=115, 433.62pt x 144.54pt>
File: ./Images/ALU simplified.JPG Graphic file (type jpg)
<use ./Images/ALU simplified.JPG>
Package pdftex.def Info: ./Images/ALU simplified.JPG  used on input line 544.
(pdftex.def)             Requested size: 303.53192pt x 101.17729pt.
<./Images/Three types.JPG, id=116, 433.01775pt x 160.1985pt>
File: ./Images/Three types.JPG Graphic file (type jpg)
<use ./Images/Three types.JPG>
Package pdftex.def Info: ./Images/Three types.JPG  used on input line 552.
(pdftex.def)             Requested size: 324.7625pt x 120.14857pt.
 [15 <./Images/ALU simplified.JPG> <./Images/Three types.JPG>]
<./Images/Data path 2.JPG, id=120, 496.85625pt x 310.761pt>
File: ./Images/Data path 2.JPG Graphic file (type jpg)
<use ./Images/Data path 2.JPG>
Package pdftex.def Info: ./Images/Data path 2.JPG  used on input line 579.
(pdftex.def)             Requested size: 397.48553pt x 248.60913pt.

Overfull \hbox (52.48553pt too wide) in paragraph at lines 579--580
 [][] 
 []

<./Images/R type control.JPG, id=121, 568.524pt x 95.1555pt>
File: ./Images/R type control.JPG Graphic file (type jpg)
<use ./Images/R type control.JPG>
Package pdftex.def Info: ./Images/R type control.JPG  used on input line 585.
(pdftex.def)             Requested size: 397.96408pt x 66.60837pt.

Overfull \hbox (52.96408pt too wide) in paragraph at lines 585--586
 [][] 
 []

[16 <./Images/Data path 2.JPG> <./Images/R type control.JPG>]
<./Images/Control signals.JPG, id=125, 434.8245pt x 234.8775pt>
File: ./Images/Control signals.JPG Graphic file (type jpg)
<use ./Images/Control signals.JPG>
Package pdftex.def Info: ./Images/Control signals.JPG  used on input line 596.
(pdftex.def)             Requested size: 347.86005pt x 187.90225pt.

Overfull \hbox (2.86005pt too wide) in paragraph at lines 596--597
 [][] 
 []

<./Images/MIPS with control.JPG, id=126, 495.65175pt x 386.6445pt>
File: ./Images/MIPS with control.JPG Graphic file (type jpg)
<use ./Images/MIPS with control.JPG>
Package pdftex.def Info: ./Images/MIPS with control.JPG  used on input line 604.
(pdftex.def)             Requested size: 342.00006pt x 266.78499pt.
[17 <./Images/Control signals.JPG> <./Images/MIPS with control.JPG>]
Overfull \hbox (7.77928pt too wide) in paragraph at lines 616--619
[]\OT1/cmr/m/n/10 The op-er-a-tion of the dat-a-p-ath for an \OT1/cmr/bx/n/10 R-type in-struc-tion \OT1/cmr/m/n/10 e.g. \OT1/cmtt/m/n/10 add \TS1/cmtt/m/n/10 $\OT1/cmtt/m/n/10 t1,\TS1/cmtt/m/n/10 $\OT1/cmtt/m/n/10 t2,\TS1/cmtt/m/n/10 $\OT1/cmtt/m/n/10 t3\OT1/cmr/m/n/10 .
 []

<./Images/Add.JPG, id=130, 493.24275pt x 383.63326pt>
File: ./Images/Add.JPG Graphic file (type jpg)
<use ./Images/Add.JPG>
Package pdftex.def Info: ./Images/Add.JPG  used on input line 634.
(pdftex.def)             Requested size: 345.26756pt x 268.54144pt.
[18 <./Images/Add.JPG>]
<./Images/lw.JPG, id=135, 492.6405pt x 382.42876pt>
File: ./Images/lw.JPG Graphic file (type jpg)
<use ./Images/lw.JPG>
Package pdftex.def Info: ./Images/lw.JPG  used on input line 655.
(pdftex.def)             Requested size: 344.846pt x 267.69829pt.
 [19 <./Images/lw.JPG>]
<./Images/beq.JPG, id=139, 494.44725pt x 384.83775pt>
File: ./Images/beq.JPG Graphic file (type jpg)
<use ./Images/beq.JPG>
Package pdftex.def Info: ./Images/beq.JPG  used on input line 681.
(pdftex.def)             Requested size: 346.11072pt x 269.38458pt.

Overfull \hbox (1.11072pt too wide) in paragraph at lines 681--683
 [][] 
 []

[20 <./Images/beq.JPG>]
File: ./Images/R type control.JPG Graphic file (type jpg)
<use ./Images/R type control.JPG>
Package pdftex.def Info: ./Images/R type control.JPG  used on input line 694.
(pdftex.def)             Requested size: 341.11703pt x 57.09372pt.
<./Images/Control table.JPG, id=143, 434.22224pt x 242.1045pt>
File: ./Images/Control table.JPG Graphic file (type jpg)
<use ./Images/Control table.JPG>
Package pdftex.def Info: ./Images/Control table.JPG  used on input line 704.
(pdftex.def)             Requested size: 325.66588pt x 181.57793pt.
 [21 <./Images/Control table.JPG>]
<./Images/Jump.JPG, id=147, 428.802pt x 37.3395pt>
File: ./Images/Jump.JPG Graphic file (type jpg)
<use ./Images/Jump.JPG>
Package pdftex.def Info: ./Images/Jump.JPG  used on input line 730.
(pdftex.def)             Requested size: 343.04205pt x 29.87161pt.
 [22 <./Images/Jump.JPG>]
<./Images/Jump data path.JPG, id=152, 495.0495pt x 388.45125pt>
File: ./Images/Jump data path.JPG Graphic file (type jpg)
<use ./Images/Jump data path.JPG>
Package pdftex.def Info: ./Images/Jump data path.JPG  used on input line 765.
(pdftex.def)             Requested size: 371.28621pt x 291.3377pt.

Overfull \hbox (26.28621pt too wide) in paragraph at lines 765--766
 [][] 
 []

[23 <./Images/Jump data path.JPG>] [24] ("f:/OneDrive\OneDrive - Imperial College London\Academics\Second year\Computer Architecture\2 - Control and Data Path\Control and Data Path.aux") ) 
Here is how much of TeX's memory you used:
 21075 strings out of 480797
 453632 string characters out of 2896513
 705501 words of memory out of 3000000
 36696 multiletter control sequences out of 15000+200000
 537572 words of font info for 42 fonts, out of 3000000 for 9000
 1141 hyphenation exceptions out of 8191
 66i,8n,103p,948b,1039s stack positions out of 5000i,500n,10000p,200000b,50000s
 <C:\Users\alw\AppData\Local\MiKTeX\2.9\fonts/pk/ljfour/jknappen/ec/dpi600\tctt1000.pk> <C:\Users\alw\AppData\Local\MiKTeX\2.9\fonts/pk/ljfour/jknappen/ec/dpi600\tcrm1000.pk><C:/Users/alw/AppData/Local/Programs/MiKTeX 2.9/fonts/type1/public/amsfonts/cm/cmbx10.pfb><C:/Users/alw/AppData/Local/Programs/MiKTeX 2.9/fonts/type1/public/amsfonts/cm/cmbx12.pfb><C:/Users/alw/AppData/Local/Programs/MiKTeX 2.9/fonts/type1/public/amsfonts/cm/cmbx9.pfb><C:/Users/alw/AppData/Local/Programs/MiKTeX 2.9/fonts/type1/public/amsfonts/cm/cmcsc10.pfb><C:/Users/alw/AppData/Local/Programs/MiKTeX 2.9/fonts/type1/public/amsfonts/cm/cmmi10.pfb><C:/Users/alw/AppData/Local/Programs/MiKTeX 2.9/fonts/type1/public/amsfonts/cm/cmmi7.pfb><C:/Users/alw/AppData/Local/Programs/MiKTeX 2.9/fonts/type1/public/amsfonts/cm/cmr10.pfb><C:/Users/alw/AppData/Local/Programs/MiKTeX 2.9/fonts/type1/public/amsfonts/cm/cmr12.pfb><C:/Users/alw/AppData/Local/Programs/MiKTeX 2.9/fonts/type1/public/amsfonts/cm/cmr9.pfb><C:/Users/alw/AppData/Local/Programs/MiKTeX 2.9/fonts/type1/public/amsfonts/cm/cmti10.pfb><C:/Users/alw/AppData/Local/Programs/MiKTeX 2.9/fonts/type1/public/amsfonts/cm/cmtt10.pfb>
Output written on "f:/OneDrive\OneDrive - Imperial College London\Academics\Second year\Computer Architecture\2 - Control and Data Path\Control and Data Path.pdf" (25 pages, 1459995 bytes).
PDF statistics:
 203 PDF objects out of 1000 (max. 8388607)
 0 named destinations out of 1000 (max. 500000)
 292 words of extra memory for PDF output out of 10000 (max. 10000000)

