This is pdfTeX, Version 3.14159265-2.6-1.40.21 (MiKTeX 2.9.7440 64-bit) (preloaded format=pdflatex 2020.6.17)  26 SEP 2020 22:28
entering extended mode
**"f:/OneDrive/OneDrive - Imperial College London/Academics/Second year/Maths/2nd Year Notes/3 - Vectors/Vectors.tex"
("f:/OneDrive/OneDrive - Imperial College London/Academics/Second year/Maths/2nd Year Notes/3 - Vectors/Vectors.tex"
LaTeX2e <2020-02-02> patch level 5
L3 programming layer <2020-06-03> ("C:\Users\alw\AppData\Local\Programs\MiKTeX 2.9\tex/latex/base\article.cls"
Document Class: article 2019/12/20 v1.4l Standard LaTeX document class
("C:\Users\alw\AppData\Local\Programs\MiKTeX 2.9\tex/latex/base\size10.clo"
File: size10.clo 2019/12/20 v1.4l Standard LaTeX file (size option)
)
\c@part=\count167
\c@section=\count168
\c@subsection=\count169
\c@subsubsection=\count170
\c@paragraph=\count171
\c@subparagraph=\count172
\c@figure=\count173
\c@table=\count174
\abovecaptionskip=\skip47
\belowcaptionskip=\skip48
\bibindent=\dimen134
) ("C:\Users\alw\AppData\Local\Programs\MiKTeX 2.9\tex/latex/appendix\appendix.sty"
Package: appendix 2020/02/08 v1.2c extra appendix facilities
\c@@pps=\count175
\c@@ppsavesec=\count176
\c@@ppsaveapp=\count177
) ("C:\Users\alw\AppData\Local\Programs\MiKTeX 2.9\tex/latex/graphics\graphicx.sty"
Package: graphicx 2019/11/30 v1.2a Enhanced LaTeX Graphics (DPC,SPQR)
 ("C:\Users\alw\AppData\Local\Programs\MiKTeX 2.9\tex/latex/graphics\keyval.sty"
Package: keyval 2014/10/28 v1.15 key=value parser (DPC)
\KV@toks@=\toks15
) ("C:\Users\alw\AppData\Local\Programs\MiKTeX 2.9\tex/latex/graphics\graphics.sty"
Package: graphics 2019/11/30 v1.4a Standard LaTeX Graphics (DPC,SPQR)
 ("C:\Users\alw\AppData\Local\Programs\MiKTeX 2.9\tex/latex/graphics\trig.sty"
Package: trig 2016/01/03 v1.10 sin cos tan (DPC)
) ("C:\Users\alw\AppData\Local\Programs\MiKTeX 2.9\tex/latex/graphics-cfg\graphics.cfg"
File: graphics.cfg 2016/06/04 v1.11 sample graphics configuration
)
Package graphics Info: Driver file: pdftex.def on input line 105.
 ("C:\Users\alw\AppData\Local\Programs\MiKTeX 2.9\tex/latex/graphics-def\pdftex.def"
File: pdftex.def 2018/01/08 v1.0l Graphics/color driver for pdftex
))
\Gin@req@height=\dimen135
\Gin@req@width=\dimen136
) ("C:\Users\alw\AppData\Local\Programs\MiKTeX 2.9\tex/latex/parskip\parskip.sty"
Package: parskip 2020-05-19 v2.0e non-zero parskip adjustments
 ("C:\Users\alw\AppData\Local\Programs\MiKTeX 2.9\tex/latex/kvoptions\kvoptions.sty"
Package: kvoptions 2019/11/29 v3.13 Key value format for package options (HO)
 ("C:\Users\alw\AppData\Local\Programs\MiKTeX 2.9\tex/generic/ltxcmds\ltxcmds.sty"
Package: ltxcmds 2019/12/15 v1.24 LaTeX kernel commands for general use (HO)
) ("C:\Users\alw\AppData\Local\Programs\MiKTeX 2.9\tex/generic/kvsetkeys\kvsetkeys.sty"
Package: kvsetkeys 2019/12/15 v1.18 Key value parser (HO)
)) ("C:\Users\alw\AppData\Local\Programs\MiKTeX 2.9\tex/latex/etoolbox\etoolbox.sty"
Package: etoolbox 2019/09/21 v2.5h e-TeX tools for LaTeX (JAW)
\etb@tempcnta=\count178
)) ("C:\Users\alw\AppData\Local\Programs\MiKTeX 2.9\tex/latex/listings\listings.sty"
\lst@mode=\count179
\lst@gtempboxa=\box45
\lst@token=\toks16
\lst@length=\count180
\lst@currlwidth=\dimen137
\lst@column=\count181
\lst@pos=\count182
\lst@lostspace=\dimen138
\lst@width=\dimen139
\lst@newlines=\count183
\lst@lineno=\count184
\lst@maxwidth=\dimen140
 ("C:\Users\alw\AppData\Local\Programs\MiKTeX 2.9\tex/latex/listings\lstmisc.sty"
File: lstmisc.sty 2020/03/24 1.8d (Carsten Heinz)
\c@lstnumber=\count185
\lst@skipnumbers=\count186
\lst@framebox=\box46
) ("C:\Users\alw\AppData\Local\Programs\MiKTeX 2.9\tex/latex/listings\listings.cfg"
File: listings.cfg 2020/03/24 1.8d listings configuration
))
Package: listings 2020/03/24 1.8d (Carsten Heinz)
 ("C:\Users\alw\AppData\Local\Programs\MiKTeX 2.9\tex/latex/caption\caption.sty"
Package: caption 2020/05/30 v3.4k Customizing captions (AR)
 ("C:\Users\alw\AppData\Local\Programs\MiKTeX 2.9\tex/latex/caption\caption3.sty"
Package: caption3 2020/05/30 v1.12 caption3 kernel (AR)
Package caption3 Info: TeX engine: e-TeX on input line 61.
\captionmargin=\dimen141
\captionmargin@=\dimen142
\captionwidth=\dimen143
\caption@tempdima=\dimen144
\caption@indent=\dimen145
\caption@parindent=\dimen146
\caption@hangindent=\dimen147
Package caption Info: Standard document class detected.
)
\c@caption@flags=\count187
\c@continuedfloat=\count188
Package caption Info: listings package is loaded.
) ("C:\Users\alw\AppData\Local\Programs\MiKTeX 2.9\tex/latex/caption\subcaption.sty"
Package: subcaption 2020/01/22 v1.3d Sub-captions (AR)
\c@subfigure=\count189
\c@subtable=\count190
) ("C:\Users\alw\AppData\Local\Programs\MiKTeX 2.9\tex/latex/amsmath\amsmath.sty"
Package: amsmath 2020/01/20 v2.17e AMS math features
\@mathmargin=\skip49

For additional information on amsmath, use the `?' option.
("C:\Users\alw\AppData\Local\Programs\MiKTeX 2.9\tex/latex/amsmath\amstext.sty"
Package: amstext 2000/06/29 v2.01 AMS text
 ("C:\Users\alw\AppData\Local\Programs\MiKTeX 2.9\tex/latex/amsmath\amsgen.sty"
File: amsgen.sty 1999/11/30 v2.0 generic functions
\@emptytoks=\toks17
\ex@=\dimen148
)) ("C:\Users\alw\AppData\Local\Programs\MiKTeX 2.9\tex/latex/amsmath\amsbsy.sty"
Package: amsbsy 1999/11/29 v1.2d Bold Symbols
\pmbraise@=\dimen149
) ("C:\Users\alw\AppData\Local\Programs\MiKTeX 2.9\tex/latex/amsmath\amsopn.sty"
Package: amsopn 2016/03/08 v2.02 operator names
)
\inf@bad=\count191
LaTeX Info: Redefining \frac on input line 227.
\uproot@=\count192
\leftroot@=\count193
LaTeX Info: Redefining \overline on input line 389.
\classnum@=\count194
\DOTSCASE@=\count195
LaTeX Info: Redefining \ldots on input line 486.
LaTeX Info: Redefining \dots on input line 489.
LaTeX Info: Redefining \cdots on input line 610.
\Mathstrutbox@=\box47
\strutbox@=\box48
\big@size=\dimen150
LaTeX Font Info:    Redeclaring font encoding OML on input line 733.
LaTeX Font Info:    Redeclaring font encoding OMS on input line 734.
\macc@depth=\count196
\c@MaxMatrixCols=\count197
\dotsspace@=\muskip16
\c@parentequation=\count198
\dspbrk@lvl=\count199
\tag@help=\toks18
\row@=\count266
\column@=\count267
\maxfields@=\count268
\andhelp@=\toks19
\eqnshift@=\dimen151
\alignsep@=\dimen152
\tagshift@=\dimen153
\tagwidth@=\dimen154
\totwidth@=\dimen155
\lineht@=\dimen156
\@envbody=\toks20
\multlinegap=\skip50
\multlinetaggap=\skip51
\mathdisplay@stack=\toks21
LaTeX Info: Redefining \[ on input line 2859.
LaTeX Info: Redefining \] on input line 2860.
) ("C:\Users\alw\AppData\Local\Programs\MiKTeX 2.9\tex/latex/xcolor\xcolor.sty"
Package: xcolor 2016/05/11 v2.12 LaTeX color extensions (UK)
 ("C:\Users\alw\AppData\Local\Programs\MiKTeX 2.9\tex/latex/graphics-cfg\color.cfg"
File: color.cfg 2016/01/02 v1.6 sample color configuration
)
Package xcolor Info: Driver file: pdftex.def on input line 225.
Package xcolor Info: Model `cmy' substituted by `cmy0' on input line 1348.
Package xcolor Info: Model `hsb' substituted by `rgb' on input line 1352.
Package xcolor Info: Model `RGB' extended on input line 1364.
Package xcolor Info: Model `HTML' substituted by `rgb' on input line 1366.
Package xcolor Info: Model `Hsb' substituted by `hsb' on input line 1367.
Package xcolor Info: Model `tHsb' substituted by `hsb' on input line 1368.
Package xcolor Info: Model `HSB' substituted by `hsb' on input line 1369.
Package xcolor Info: Model `Gray' substituted by `gray' on input line 1370.
Package xcolor Info: Model `wave' substituted by `hsb' on input line 1371.
) ("C:\Users\alw\AppData\Local\Programs\MiKTeX 2.9\tex/latex/tcolorbox\tcolorbox.sty"
Package: tcolorbox 2020/04/28 version 4.30 text color boxes
 ("C:\Users\alw\AppData\Local\Programs\MiKTeX 2.9\tex/latex/pgf/basiclayer\pgf.sty" ("C:\Users\alw\AppData\Local\Programs\MiKTeX 2.9\tex/latex/pgf/utilities\pgfrcs.sty" ("C:\Users\alw\AppData\Local\Programs\MiKTeX 2.9\tex/generic/pgf/utilities\pgfutil-common.tex"
\pgfutil@everybye=\toks22
\pgfutil@tempdima=\dimen157
\pgfutil@tempdimb=\dimen158
 ("C:\Users\alw\AppData\Local\Programs\MiKTeX 2.9\tex/generic/pgf/utilities\pgfutil-common-lists.tex")) ("C:\Users\alw\AppData\Local\Programs\MiKTeX 2.9\tex/generic/pgf/utilities\pgfutil-latex.def"
\pgfutil@abb=\box49
 ("C:\Users\alw\AppData\Local\Programs\MiKTeX 2.9\tex/latex/ms\everyshi.sty"
Package: everyshi 2001/05/15 v3.00 EveryShipout Package (MS)
)) ("C:\Users\alw\AppData\Local\Programs\MiKTeX 2.9\tex/generic/pgf/utilities\pgfrcs.code.tex" ("C:\Users\alw\AppData\Local\Programs\MiKTeX 2.9\tex/generic/pgf\pgf.revision.tex")
Package: pgfrcs 2020/01/08 v3.1.5b (3.1.5b)
))
Package: pgf 2020/01/08 v3.1.5b (3.1.5b)
 ("C:\Users\alw\AppData\Local\Programs\MiKTeX 2.9\tex/latex/pgf/basiclayer\pgfcore.sty" ("C:\Users\alw\AppData\Local\Programs\MiKTeX 2.9\tex/latex/pgf/systemlayer\pgfsys.sty" ("C:\Users\alw\AppData\Local\Programs\MiKTeX 2.9\tex/generic/pgf/systemlayer\pgfsys.code.tex"
Package: pgfsys 2020/01/08 v3.1.5b (3.1.5b)
 ("C:\Users\alw\AppData\Local\Programs\MiKTeX 2.9\tex/generic/pgf/utilities\pgfkeys.code.tex"
\pgfkeys@pathtoks=\toks23
\pgfkeys@temptoks=\toks24
 ("C:\Users\alw\AppData\Local\Programs\MiKTeX 2.9\tex/generic/pgf/utilities\pgfkeysfiltered.code.tex"
\pgfkeys@tmptoks=\toks25
))
\pgf@x=\dimen159
\pgf@y=\dimen160
\pgf@xa=\dimen161
\pgf@ya=\dimen162
\pgf@xb=\dimen163
\pgf@yb=\dimen164
\pgf@xc=\dimen165
\pgf@yc=\dimen166
\pgf@xd=\dimen167
\pgf@yd=\dimen168
\w@pgf@writea=\write3
\r@pgf@reada=\read2
\c@pgf@counta=\count269
\c@pgf@countb=\count270
\c@pgf@countc=\count271
\c@pgf@countd=\count272
\t@pgf@toka=\toks26
\t@pgf@tokb=\toks27
\t@pgf@tokc=\toks28
\pgf@sys@id@count=\count273
 ("C:\Users\alw\AppData\Local\Programs\MiKTeX 2.9\tex/generic/pgf/systemlayer\pgf.cfg"
File: pgf.cfg 2020/01/08 v3.1.5b (3.1.5b)
)
Driver file for pgf: pgfsys-pdftex.def
 ("C:\Users\alw\AppData\Local\Programs\MiKTeX 2.9\tex/generic/pgf/systemlayer\pgfsys-pdftex.def"
File: pgfsys-pdftex.def 2020/01/08 v3.1.5b (3.1.5b)
 ("C:\Users\alw\AppData\Local\Programs\MiKTeX 2.9\tex/generic/pgf/systemlayer\pgfsys-common-pdf.def"
File: pgfsys-common-pdf.def 2020/01/08 v3.1.5b (3.1.5b)
))) ("C:\Users\alw\AppData\Local\Programs\MiKTeX 2.9\tex/generic/pgf/systemlayer\pgfsyssoftpath.code.tex"
File: pgfsyssoftpath.code.tex 2020/01/08 v3.1.5b (3.1.5b)
\pgfsyssoftpath@smallbuffer@items=\count274
\pgfsyssoftpath@bigbuffer@items=\count275
) ("C:\Users\alw\AppData\Local\Programs\MiKTeX 2.9\tex/generic/pgf/systemlayer\pgfsysprotocol.code.tex"
File: pgfsysprotocol.code.tex 2020/01/08 v3.1.5b (3.1.5b)
)) ("C:\Users\alw\AppData\Local\Programs\MiKTeX 2.9\tex/generic/pgf/basiclayer\pgfcore.code.tex"
Package: pgfcore 2020/01/08 v3.1.5b (3.1.5b)
 ("C:\Users\alw\AppData\Local\Programs\MiKTeX 2.9\tex/generic/pgf/math\pgfmath.code.tex" ("C:\Users\alw\AppData\Local\Programs\MiKTeX 2.9\tex/generic/pgf/math\pgfmathcalc.code.tex" ("C:\Users\alw\AppData\Local\Programs\MiKTeX 2.9\tex/generic/pgf/math\pgfmathutil.code.tex") ("C:\Users\alw\AppData\Local\Programs\MiKTeX 2.9\tex/generic/pgf/math\pgfmathparser.code.tex"
\pgfmath@dimen=\dimen169
\pgfmath@count=\count276
\pgfmath@box=\box50
\pgfmath@toks=\toks29
\pgfmath@stack@operand=\toks30
\pgfmath@stack@operation=\toks31
) ("C:\Users\alw\AppData\Local\Programs\MiKTeX 2.9\tex/generic/pgf/math\pgfmathfunctions.code.tex" ("C:\Users\alw\AppData\Local\Programs\MiKTeX 2.9\tex/generic/pgf/math\pgfmathfunctions.basic.code.tex") ("C:\Users\alw\AppData\Local\Programs\MiKTeX 2.9\tex/generic/pgf/math\pgfmathfunctions.trigonometric.code.tex") ("C:\Users\alw\AppData\Local\Programs\MiKTeX 2.9\tex/generic/pgf/math\pgfmathfunctions.random.code.tex") ("C:\Users\alw\AppData\Local\Programs\MiKTeX 2.9\tex/generic/pgf/math\pgfmathfunctions.comparison.code.tex") ("C:\Users\alw\AppData\Local\Programs\MiKTeX 2.9\tex/generic/pgf/math\pgfmathfunctions.base.code.tex") ("C:\Users\alw\AppData\Local\Programs\MiKTeX 2.9\tex/generic/pgf/math\pgfmathfunctions.round.code.tex") ("C:\Users\alw\AppData\Local\Programs\MiKTeX 2.9\tex/generic/pgf/math\pgfmathfunctions.misc.code.tex") ("C:\Users\alw\AppData\Local\Programs\MiKTeX 2.9\tex/generic/pgf/math\pgfmathfunctions.integerarithmetics.code.tex"))) ("C:\Users\alw\AppData\Local\Programs\MiKTeX 2.9\tex/generic/pgf/math\pgfmathfloat.code.tex"
\c@pgfmathroundto@lastzeros=\count277
)) ("C:\Users\alw\AppData\Local\Programs\MiKTeX 2.9\tex/generic/pgf/math\pgfint.code.tex") ("C:\Users\alw\AppData\Local\Programs\MiKTeX 2.9\tex/generic/pgf/basiclayer\pgfcorepoints.code.tex"
File: pgfcorepoints.code.tex 2020/01/08 v3.1.5b (3.1.5b)
\pgf@picminx=\dimen170
\pgf@picmaxx=\dimen171
\pgf@picminy=\dimen172
\pgf@picmaxy=\dimen173
\pgf@pathminx=\dimen174
\pgf@pathmaxx=\dimen175
\pgf@pathminy=\dimen176
\pgf@pathmaxy=\dimen177
\pgf@xx=\dimen178
\pgf@xy=\dimen179
\pgf@yx=\dimen180
\pgf@yy=\dimen181
\pgf@zx=\dimen182
\pgf@zy=\dimen183
) ("C:\Users\alw\AppData\Local\Programs\MiKTeX 2.9\tex/generic/pgf/basiclayer\pgfcorepathconstruct.code.tex"
File: pgfcorepathconstruct.code.tex 2020/01/08 v3.1.5b (3.1.5b)
\pgf@path@lastx=\dimen184
\pgf@path@lasty=\dimen185
) ("C:\Users\alw\AppData\Local\Programs\MiKTeX 2.9\tex/generic/pgf/basiclayer\pgfcorepathusage.code.tex"
File: pgfcorepathusage.code.tex 2020/01/08 v3.1.5b (3.1.5b)
\pgf@shorten@end@additional=\dimen186
\pgf@shorten@start@additional=\dimen187
) ("C:\Users\alw\AppData\Local\Programs\MiKTeX 2.9\tex/generic/pgf/basiclayer\pgfcorescopes.code.tex"
File: pgfcorescopes.code.tex 2020/01/08 v3.1.5b (3.1.5b)
\pgfpic=\box51
\pgf@hbox=\box52
\pgf@layerbox@main=\box53
\pgf@picture@serial@count=\count278
) ("C:\Users\alw\AppData\Local\Programs\MiKTeX 2.9\tex/generic/pgf/basiclayer\pgfcoregraphicstate.code.tex"
File: pgfcoregraphicstate.code.tex 2020/01/08 v3.1.5b (3.1.5b)
\pgflinewidth=\dimen188
) ("C:\Users\alw\AppData\Local\Programs\MiKTeX 2.9\tex/generic/pgf/basiclayer\pgfcoretransformations.code.tex"
File: pgfcoretransformations.code.tex 2020/01/08 v3.1.5b (3.1.5b)
\pgf@pt@x=\dimen189
\pgf@pt@y=\dimen190
\pgf@pt@temp=\dimen191
) ("C:\Users\alw\AppData\Local\Programs\MiKTeX 2.9\tex/generic/pgf/basiclayer\pgfcorequick.code.tex"
File: pgfcorequick.code.tex 2020/01/08 v3.1.5b (3.1.5b)
) ("C:\Users\alw\AppData\Local\Programs\MiKTeX 2.9\tex/generic/pgf/basiclayer\pgfcoreobjects.code.tex"
File: pgfcoreobjects.code.tex 2020/01/08 v3.1.5b (3.1.5b)
) ("C:\Users\alw\AppData\Local\Programs\MiKTeX 2.9\tex/generic/pgf/basiclayer\pgfcorepathprocessing.code.tex"
File: pgfcorepathprocessing.code.tex 2020/01/08 v3.1.5b (3.1.5b)
) ("C:\Users\alw\AppData\Local\Programs\MiKTeX 2.9\tex/generic/pgf/basiclayer\pgfcorearrows.code.tex"
File: pgfcorearrows.code.tex 2020/01/08 v3.1.5b (3.1.5b)
\pgfarrowsep=\dimen192
) ("C:\Users\alw\AppData\Local\Programs\MiKTeX 2.9\tex/generic/pgf/basiclayer\pgfcoreshade.code.tex"
File: pgfcoreshade.code.tex 2020/01/08 v3.1.5b (3.1.5b)
\pgf@max=\dimen193
\pgf@sys@shading@range@num=\count279
\pgf@shadingcount=\count280
) ("C:\Users\alw\AppData\Local\Programs\MiKTeX 2.9\tex/generic/pgf/basiclayer\pgfcoreimage.code.tex"
File: pgfcoreimage.code.tex 2020/01/08 v3.1.5b (3.1.5b)
 ("C:\Users\alw\AppData\Local\Programs\MiKTeX 2.9\tex/generic/pgf/basiclayer\pgfcoreexternal.code.tex"
File: pgfcoreexternal.code.tex 2020/01/08 v3.1.5b (3.1.5b)
\pgfexternal@startupbox=\box54
)) ("C:\Users\alw\AppData\Local\Programs\MiKTeX 2.9\tex/generic/pgf/basiclayer\pgfcorelayers.code.tex"
File: pgfcorelayers.code.tex 2020/01/08 v3.1.5b (3.1.5b)
) ("C:\Users\alw\AppData\Local\Programs\MiKTeX 2.9\tex/generic/pgf/basiclayer\pgfcoretransparency.code.tex"
File: pgfcoretransparency.code.tex 2020/01/08 v3.1.5b (3.1.5b)
) ("C:\Users\alw\AppData\Local\Programs\MiKTeX 2.9\tex/generic/pgf/basiclayer\pgfcorepatterns.code.tex"
File: pgfcorepatterns.code.tex 2020/01/08 v3.1.5b (3.1.5b)
) ("C:\Users\alw\AppData\Local\Programs\MiKTeX 2.9\tex/generic/pgf/basiclayer\pgfcorerdf.code.tex"
File: pgfcorerdf.code.tex 2020/01/08 v3.1.5b (3.1.5b)
))) ("C:\Users\alw\AppData\Local\Programs\MiKTeX 2.9\tex/generic/pgf/modules\pgfmoduleshapes.code.tex"
File: pgfmoduleshapes.code.tex 2020/01/08 v3.1.5b (3.1.5b)
\pgfnodeparttextbox=\box55
) ("C:\Users\alw\AppData\Local\Programs\MiKTeX 2.9\tex/generic/pgf/modules\pgfmoduleplot.code.tex"
File: pgfmoduleplot.code.tex 2020/01/08 v3.1.5b (3.1.5b)
) ("C:\Users\alw\AppData\Local\Programs\MiKTeX 2.9\tex/latex/pgf/compatibility\pgfcomp-version-0-65.sty"
Package: pgfcomp-version-0-65 2020/01/08 v3.1.5b (3.1.5b)
\pgf@nodesepstart=\dimen194
\pgf@nodesepend=\dimen195
) ("C:\Users\alw\AppData\Local\Programs\MiKTeX 2.9\tex/latex/pgf/compatibility\pgfcomp-version-1-18.sty"
Package: pgfcomp-version-1-18 2020/01/08 v3.1.5b (3.1.5b)
)) ("C:\Users\alw\AppData\Local\Programs\MiKTeX 2.9\tex/latex/tools\verbatim.sty"
Package: verbatim 2019/11/10 v1.5r LaTeX2e package for verbatim enhancements
\every@verbatim=\toks32
\verbatim@line=\toks33
\verbatim@in@stream=\read3
) ("C:\Users\alw\AppData\Local\Programs\MiKTeX 2.9\tex/latex/environ\environ.sty"
Package: environ 2014/05/04 v0.3 A new way to define environments
 ("C:\Users\alw\AppData\Local\Programs\MiKTeX 2.9\tex/latex/trimspaces\trimspaces.sty"
Package: trimspaces 2009/09/17 v1.1 Trim spaces around a token list
))
\tcb@titlebox=\box56
\tcb@upperbox=\box57
\tcb@lowerbox=\box58
\tcb@phantombox=\box59
\c@tcbbreakpart=\count281
\c@tcblayer=\count282
\c@tcolorbox@number=\count283
\tcb@temp=\box60
\tcb@temp=\box61
\tcb@temp=\box62
\tcb@temp=\box63
\tcb@out=\write4
\tcb@record@out=\write5
 ("C:\Users\alw\AppData\Local\Programs\MiKTeX 2.9\tex/latex/tcolorbox\tcbraster.code.tex"
Library (tcolorbox): 'tcbraster.code.tex' version '4.30'
\c@tcbrastercolumn=\count284
\c@tcbrasterrow=\count285
\c@tcbraster=\count286
) ("C:\Users\alw\AppData\Local\Programs\MiKTeX 2.9\tex/latex/tcolorbox\tcbskins.code.tex"
Library (tcolorbox): 'tcbskins.code.tex' version '4.30'
("C:\Users\alw\AppData\Local\Programs\MiKTeX 2.9\tex/latex/pgf/frontendlayer\tikz.sty" ("C:\Users\alw\AppData\Local\Programs\MiKTeX 2.9\tex/latex/pgf/utilities\pgffor.sty" ("C:\Users\alw\AppData\Local\Programs\MiKTeX 2.9\tex/latex/pgf/utilities\pgfkeys.sty" ("C:\Users\alw\AppData\Local\Programs\MiKTeX 2.9\tex/generic/pgf/utilities\pgfkeys.code.tex")) ("C:\Users\alw\AppData\Local\Programs\MiKTeX 2.9\tex/latex/pgf/math\pgfmath.sty" ("C:\Users\alw\AppData\Local\Programs\MiKTeX 2.9\tex/generic/pgf/math\pgfmath.code.tex")) ("C:\Users\alw\AppData\Local\Programs\MiKTeX 2.9\tex/generic/pgf/utilities\pgffor.code.tex"
Package: pgffor 2020/01/08 v3.1.5b (3.1.5b)
 ("C:\Users\alw\AppData\Local\Programs\MiKTeX 2.9\tex/generic/pgf/math\pgfmath.code.tex")
\pgffor@iter=\dimen196
\pgffor@skip=\dimen197
\pgffor@stack=\toks34
\pgffor@toks=\toks35
)) ("C:\Users\alw\AppData\Local\Programs\MiKTeX 2.9\tex/generic/pgf/frontendlayer/tikz\tikz.code.tex"
Package: tikz 2020/01/08 v3.1.5b (3.1.5b)
 ("C:\Users\alw\AppData\Local\Programs\MiKTeX 2.9\tex/generic/pgf/libraries\pgflibraryplothandlers.code.tex"
File: pgflibraryplothandlers.code.tex 2020/01/08 v3.1.5b (3.1.5b)
\pgf@plot@mark@count=\count287
\pgfplotmarksize=\dimen198
)
\tikz@lastx=\dimen199
\tikz@lasty=\dimen256
\tikz@lastxsaved=\dimen257
\tikz@lastysaved=\dimen258
\tikz@lastmovetox=\dimen259
\tikz@lastmovetoy=\dimen260
\tikzleveldistance=\dimen261
\tikzsiblingdistance=\dimen262
\tikz@figbox=\box64
\tikz@figbox@bg=\box65
\tikz@tempbox=\box66
\tikz@tempbox@bg=\box67
\tikztreelevel=\count288
\tikznumberofchildren=\count289
\tikznumberofcurrentchild=\count290
\tikz@fig@count=\count291
 ("C:\Users\alw\AppData\Local\Programs\MiKTeX 2.9\tex/generic/pgf/modules\pgfmodulematrix.code.tex"
File: pgfmodulematrix.code.tex 2020/01/08 v3.1.5b (3.1.5b)
\pgfmatrixcurrentrow=\count292
\pgfmatrixcurrentcolumn=\count293
\pgf@matrix@numberofcolumns=\count294
)
\tikz@expandcount=\count295
 ("C:\Users\alw\AppData\Local\Programs\MiKTeX 2.9\tex/generic/pgf/frontendlayer/tikz/libraries\tikzlibrarytopaths.code.tex"
File: tikzlibrarytopaths.code.tex 2020/01/08 v3.1.5b (3.1.5b)
)))
\tcb@waterbox=\box68
 ("C:\Users\alw\AppData\Local\Programs\MiKTeX 2.9\tex/latex/tcolorbox\tcbskinsjigsaw.code.tex"
Library (tcolorbox): 'tcbskinsjigsaw.code.tex' version '4.30'
)) ("C:\Users\alw\AppData\Local\Programs\MiKTeX 2.9\tex/latex/tcolorbox\tcbbreakable.code.tex"
Library (tcolorbox): 'tcbbreakable.code.tex' version '4.30'
\tcb@testbox=\box69
\tcb@totalupperbox=\box70
\tcb@totallowerbox=\box71
) ("C:\Users\alw\AppData\Local\Programs\MiKTeX 2.9\tex/latex/tcolorbox\tcbhooks.code.tex"
Library (tcolorbox): 'tcbhooks.code.tex' version '4.30'
) ("C:\Users\alw\AppData\Local\Programs\MiKTeX 2.9\tex/latex/tcolorbox\tcbtheorems.code.tex"
Library (tcolorbox): 'tcbtheorems.code.tex' version '4.30'
) ("C:\Users\alw\AppData\Local\Programs\MiKTeX 2.9\tex/latex/tcolorbox\tcbfitting.code.tex"
Library (tcolorbox): 'tcbfitting.code.tex' version '4.30'
\tcbfitdim=\dimen263
\tcb@lowerfitdim=\dimen264
\tcb@upperfitdim=\dimen265
\tcb@cur@hbadness=\count296
) ("C:\Users\alw\AppData\Local\Programs\MiKTeX 2.9\tex/latex/tcolorbox\tcbxparse.code.tex"
Library (tcolorbox): 'tcbxparse.code.tex' version '4.30'
("C:\Users\alw\AppData\Local\Programs\MiKTeX 2.9\tex/latex/l3packages/xparse\xparse.sty" ("C:\Users\alw\AppData\Local\Programs\MiKTeX 2.9\tex/latex/l3kernel\expl3.sty"
Package: expl3 2020-06-03 L3 programming layer (loader) 
 ("C:\Users\alw\AppData\Local\Programs\MiKTeX 2.9\tex/latex/l3backend\l3backend-pdfmode.def"
File: l3backend-pdfmode.def 2020-06-03 L3 backend support: PDF mode
\l__kernel_color_stack_int=\count297
\l__pdf_internal_box=\box72
))
Package: xparse 2020-05-15 L3 Experimental document command parser
 ("C:\Users\alw\AppData\Local\Programs\MiKTeX 2.9\tex/latex/l3packages/xparse\xparse-generic.tex"
\l__xparse_current_arg_int=\count298
\g__xparse_grabber_int=\count299
\l__xparse_m_args_int=\count300
\l__xparse_v_nesting_int=\count301
))) ("C:\Users\alw\AppData\Local\Programs\MiKTeX 2.9\tex/latex/tcolorbox\tcblistingsutf8.code.tex"
Library (tcolorbox): 'tcblistingsutf8.code.tex' version '4.30'
("C:\Users\alw\AppData\Local\Programs\MiKTeX 2.9\tex/latex/tcolorbox\tcblistings.code.tex"
Library (tcolorbox): 'tcblistings.code.tex' version '4.30'
("C:\Users\alw\AppData\Local\Programs\MiKTeX 2.9\tex/latex/tcolorbox\tcblistingscore.code.tex"
Library (tcolorbox): 'tcblistingscore.code.tex' version '4.30'
("C:\Users\alw\AppData\Local\Programs\MiKTeX 2.9\tex/latex/tcolorbox\tcbprocessing.code.tex"
Library (tcolorbox): 'tcbprocessing.code.tex' version '4.30'
("C:\Users\alw\AppData\Local\Programs\MiKTeX 2.9\tex/latex/pdftexcmds\pdftexcmds.sty"
Package: pdftexcmds 2020-06-04 v0.32 Utility functions of pdfTeX for LuaTeX (HO)
 ("C:\Users\alw\AppData\Local\Programs\MiKTeX 2.9\tex/generic/infwarerr\infwarerr.sty"
Package: infwarerr 2019/12/03 v1.5 Providing info/warning/error messages (HO)
) ("C:\Users\alw\AppData\Local\Programs\MiKTeX 2.9\tex/generic/iftex\iftex.sty"
Package: iftex 2020/03/06 v1.0d TeX engine tests
)
Package pdftexcmds Info: \pdf@primitive is available.
Package pdftexcmds Info: \pdf@ifprimitive is available.
Package pdftexcmds Info: \pdfdraftmode found.
) ("C:\Users\alw\AppData\Local\Programs\MiKTeX 2.9\tex/latex/tools\shellesc.sty"
Package: shellesc 2019/11/08 v1.0c unified shell escape interface for LaTeX
Package shellesc Info: Restricted shell escape enabled on input line 77.
))
\c@tcblisting=\count302
)) ("C:\Users\alw\AppData\Local\Programs\MiKTeX 2.9\tex/latex/listingsutf8\listingsutf8.sty"
Package: listingsutf8 2019-12-10 v1.5 Allow UTF-8 in listings input (HO)
 ("C:\Users\alw\AppData\Local\Programs\MiKTeX 2.9\tex/generic/stringenc\stringenc.sty"
Package: stringenc 2019/11/29 v1.12 Convert strings between diff. encodings (HO)
 ("C:\Users\alw\AppData\Local\Programs\MiKTeX 2.9\tex/generic/pdfescape\pdfescape.sty"
Package: pdfescape 2019/12/09 v1.15 Implements pdfTeX's escape features (HO)
)))) ("C:\Users\alw\AppData\Local\Programs\MiKTeX 2.9\tex/latex/tcolorbox\tcbexternal.code.tex"
Library (tcolorbox): 'tcbexternal.code.tex' version '4.30'
) ("C:\Users\alw\AppData\Local\Programs\MiKTeX 2.9\tex/latex/tcolorbox\tcbmagazine.code.tex"
Library (tcolorbox): 'tcbmagazine.code.tex' version '4.30'
) ("C:\Users\alw\AppData\Local\Programs\MiKTeX 2.9\tex/latex/tcolorbox\tcbvignette.code.tex"
Library (tcolorbox): 'tcbvignette.code.tex' version '4.30'
("C:\Users\alw\AppData\Local\Programs\MiKTeX 2.9\tex/generic/pgf/frontendlayer/tikz/libraries\tikzlibraryfadings.code.tex"
File: tikzlibraryfadings.code.tex 2020/01/08 v3.1.5b (3.1.5b)
 ("C:\Users\alw\AppData\Local\Programs\MiKTeX 2.9\tex/generic/pgf/libraries\pgflibraryfadings.code.tex"
File: pgflibraryfadings.code.tex 2020/01/08 v3.1.5b (3.1.5b)
))) ("C:\Users\alw\AppData\Local\Programs\MiKTeX 2.9\tex/latex/tcolorbox\tcbposter.code.tex"
Library (tcolorbox): 'tcbposter.code.tex' version '4.30'
)) ("f:/OneDrive\OneDrive - Imperial College London\Academics\Second year\Maths\2nd Year Notes\3 - Vectors\Vectors.aux"

LaTeX Warning: Label `fig:sub1' multiply defined.


LaTeX Warning: Label `sub@fig:sub1' multiply defined.


LaTeX Warning: Label `fig:sub2' multiply defined.


LaTeX Warning: Label `sub@fig:sub2' multiply defined.


LaTeX Warning: Label `fig:test' multiply defined.


LaTeX Warning: Label `fig:sub1' multiply defined.


LaTeX Warning: Label `sub@fig:sub1' multiply defined.


LaTeX Warning: Label `fig:sub2' multiply defined.


LaTeX Warning: Label `sub@fig:sub2' multiply defined.


LaTeX Warning: Label `fig:test' multiply defined.


LaTeX Warning: Label `fig:sub1' multiply defined.


LaTeX Warning: Label `sub@fig:sub1' multiply defined.


LaTeX Warning: Label `fig:sub2' multiply defined.


LaTeX Warning: Label `sub@fig:sub2' multiply defined.


LaTeX Warning: Label `fig:test' multiply defined.


LaTeX Warning: Label `fig:sub1' multiply defined.


LaTeX Warning: Label `sub@fig:sub1' multiply defined.


LaTeX Warning: Label `fig:sub2' multiply defined.


LaTeX Warning: Label `sub@fig:sub2' multiply defined.


LaTeX Warning: Label `fig:test' multiply defined.


LaTeX Warning: Label `fig:sub1' multiply defined.


LaTeX Warning: Label `sub@fig:sub1' multiply defined.


LaTeX Warning: Label `fig:sub2' multiply defined.


LaTeX Warning: Label `sub@fig:sub2' multiply defined.


LaTeX Warning: Label `fig:test' multiply defined.


LaTeX Warning: Label `fig:sub1' multiply defined.


LaTeX Warning: Label `sub@fig:sub1' multiply defined.


LaTeX Warning: Label `fig:sub2' multiply defined.


LaTeX Warning: Label `sub@fig:sub2' multiply defined.


LaTeX Warning: Label `fig:test' multiply defined.


LaTeX Warning: Label `fig:sub1' multiply defined.


LaTeX Warning: Label `sub@fig:sub1' multiply defined.


LaTeX Warning: Label `fig:sub2' multiply defined.


LaTeX Warning: Label `sub@fig:sub2' multiply defined.


LaTeX Warning: Label `fig:test' multiply defined.


LaTeX Warning: Label `fig:sub1' multiply defined.


LaTeX Warning: Label `sub@fig:sub1' multiply defined.


LaTeX Warning: Label `fig:sub2' multiply defined.


LaTeX Warning: Label `sub@fig:sub2' multiply defined.


LaTeX Warning: Label `fig:test' multiply defined.


LaTeX Warning: Label `fig:sub1' multiply defined.


LaTeX Warning: Label `sub@fig:sub1' multiply defined.


LaTeX Warning: Label `fig:sub2' multiply defined.


LaTeX Warning: Label `sub@fig:sub2' multiply defined.


LaTeX Warning: Label `fig:test' multiply defined.

)
\openout1 = `Vectors.aux'.

LaTeX Font Info:    Checking defaults for OML/cmm/m/it on input line 46.
LaTeX Font Info:    ... okay on input line 46.
LaTeX Font Info:    Checking defaults for OMS/cmsy/m/n on input line 46.
LaTeX Font Info:    ... okay on input line 46.
LaTeX Font Info:    Checking defaults for OT1/cmr/m/n on input line 46.
LaTeX Font Info:    ... okay on input line 46.
LaTeX Font Info:    Checking defaults for T1/cmr/m/n on input line 46.
LaTeX Font Info:    ... okay on input line 46.
LaTeX Font Info:    Checking defaults for TS1/cmr/m/n on input line 46.
LaTeX Font Info:    ... okay on input line 46.
LaTeX Font Info:    Checking defaults for OMX/cmex/m/n on input line 46.
LaTeX Font Info:    ... okay on input line 46.
LaTeX Font Info:    Checking defaults for U/cmr/m/n on input line 46.
LaTeX Font Info:    ... okay on input line 46.
 ("C:\Users\alw\AppData\Local\Programs\MiKTeX 2.9\tex/context/base/mkii\supp-pdf.mkii"
[Loading MPS to PDF converter (version 2006.09.02).]
\scratchcounter=\count303
\scratchdimen=\dimen266
\scratchbox=\box73
\nofMPsegments=\count304
\nofMParguments=\count305
\everyMPshowfont=\toks36
\MPscratchCnt=\count306
\MPscratchDim=\dimen267
\MPnumerator=\count307
\makeMPintoPDFobject=\count308
\everyMPtoPDFconversion=\toks37
) ("C:\Users\alw\AppData\Local\Programs\MiKTeX 2.9\tex/latex/epstopdf-pkg\epstopdf-base.sty"
Package: epstopdf-base 2020-01-24 v2.11 Base part for package epstopdf
Package epstopdf-base Info: Redefining graphics rule for `.eps' on input line 485.
)
\c@lstlisting=\count309
Package caption Info: Begin \AtBeginDocument code.
Package caption Info: End \AtBeginDocument code.
 ABD: EveryShipout initializing macros ("C:\Users\alw\AppData\Local\Programs\MiKTeX 2.9\tex/latex/base\inputenc.sty"
Package: inputenc 2018/08/11 v1.3c Input encoding file
\inpenc@prehook=\toks38
\inpenc@posthook=\toks39
) [1

{C:/Users/alw/AppData/Local/MiKTeX/2.9/pdftex/config/pdftex.map}] ("f:/OneDrive\OneDrive - Imperial College London\Academics\Second year\Maths\2nd Year Notes\3 - Vectors\Vectors.toc" [1])
\tf@toc=\write6
\openout6 = `Vectors.toc'.

 [2] [3]
Underfull \hbox (badness 10000) in paragraph at lines 148--154

 []


Underfull \hbox (badness 1400) in paragraph at lines 148--154
\OT1/cmr/bx/n/10 Vector field\OT1/cmr/m/n/10 : A func-tion that re-turns a vec-tor value of some
 []

<./Images/Ex1.JPG, id=67, 254.1495pt x 196.93575pt>
File: ./Images/Ex1.JPG Graphic file (type jpg)
<use ./Images/Ex1.JPG>
Package pdftex.def Info: ./Images/Ex1.JPG  used on input line 168.
(pdftex.def)             Requested size: 177.90343pt x 137.85406pt.

Overfull \hbox (5.40343pt too wide) in paragraph at lines 168--169
 [][] 
 []

<./Images/Ex2.JPG, id=68, 307.1475pt x 272.217pt>
File: ./Images/Ex2.JPG Graphic file (type jpg)
<use ./Images/Ex2.JPG>
Package pdftex.def Info: ./Images/Ex2.JPG  used on input line 174.
(pdftex.def)             Requested size: 153.57336pt x 136.10815pt.
[4 <./Images/Ex1.JPG> <./Images/Ex2.JPG>]
<./Images/Ellipsoid.JPG, id=72, 377.0085pt x 278.84175pt>
File: ./Images/Ellipsoid.JPG Graphic file (type jpg)
<use ./Images/Ellipsoid.JPG>
Package pdftex.def Info: ./Images/Ellipsoid.JPG  used on input line 219.
(pdftex.def)             Requested size: 226.20683pt x 167.30632pt.
 [5 <./Images/Ellipsoid.JPG>]
<./Images/Overlaid.JPG, id=78, 769.87625pt x 609.27625pt>
File: ./Images/Overlaid.JPG Graphic file (type jpg)
<use ./Images/Overlaid.JPG>
Package pdftex.def Info: ./Images/Overlaid.JPG  used on input line 248.
(pdftex.def)             Requested size: 138.57175pt x 109.66498pt.
<./Images/Cos_varying.JPG, id=79, 278.2395pt x 202.95825pt>
File: ./Images/Cos_varying.JPG Graphic file (type jpg)
<use ./Images/Cos_varying.JPG>
Package pdftex.def Info: ./Images/Cos_varying.JPG  used on input line 254.
(pdftex.def)             Requested size: 153.0322pt x 111.62738pt.
<./Images/Snapshots.JPG, id=80, 529.98pt x 255.354pt>
File: ./Images/Snapshots.JPG Graphic file (type jpg)
<use ./Images/Snapshots.JPG>
Package pdftex.def Info: ./Images/Snapshots.JPG  used on input line 265.
(pdftex.def)             Requested size: 317.99043pt x 153.21358pt.
 [6 <./Images/Overlaid.JPG> <./Images/Cos_varying.JPG> <./Images/Snapshots.JPG>]
<./Images/Vector field.JPG, id=85, 733.74126pt x 579.16376pt>
File: ./Images/Vector field.JPG Graphic file (type jpg)
<use ./Images/Vector field.JPG>
Package pdftex.def Info: ./Images/Vector field.JPG  used on input line 308.
(pdftex.def)             Requested size: 183.43486pt x 144.79057pt.
 [7 <./Images/Vector field.JPG>]
<./Images/Charge.JPG, id=89, 378.81525pt x 132.495pt>
File: ./Images/Charge.JPG Graphic file (type jpg)
<use ./Images/Charge.JPG>
Package pdftex.def Info: ./Images/Charge.JPG  used on input line 349.
(pdftex.def)             Requested size: 265.16885pt x 92.74585pt.
 [8 <./Images/Charge.JPG>]
<./Images/Charge_field.JPG, id=93, 462.528pt x 344.0052pt>
File: ./Images/Charge_field.JPG Graphic file (type jpg)
<use ./Images/Charge_field.JPG>
Package pdftex.def Info: ./Images/Charge_field.JPG  used on input line 366.
(pdftex.def)             Requested size: 138.75946pt x 103.20235pt.
<./Images/Charge_field2.JPEG, id=94, 462.528pt x 344.0052pt>
File: ./Images/Charge_field2.JPEG Graphic file (type jpg)
<use ./Images/Charge_field2.JPEG>
Package pdftex.def Info: ./Images/Charge_field2.JPEG  used on input line 376.
(pdftex.def)             Requested size: 138.75946pt x 103.20235pt.
<./Images/Superposition.JPG, id=95, 246.9225pt x 128.27925pt>
File: ./Images/Superposition.JPG Graphic file (type jpg)
<use ./Images/Superposition.JPG>
Package pdftex.def Info: ./Images/Superposition.JPG  used on input line 388.
(pdftex.def)             Requested size: 197.53824pt x 102.62354pt.


LaTeX Warning: `!h' float specifier changed to `!ht'.

[9 <./Images/Charge_field.JPG> <./Images/Charge_field2.JPEG>]
<./Images/Superposition_field.jpeg, id=99, 1387.584pt x 685.1196pt>
File: ./Images/Superposition_field.jpeg Graphic file (type jpg)
<use ./Images/Superposition_field.jpeg>
Package pdftex.def Info: ./Images/Superposition_field.jpeg  used on input line 401.
(pdftex.def)             Requested size: 277.51189pt x 137.02148pt.
 [10 <./Images/Superposition.JPG> <./Images/Superposition_field.jpeg>]
<./Images/Electric_field.JPG, id=104, 143.3355pt x 104.7915pt>
File: ./Images/Electric_field.JPG Graphic file (type jpg)
<use ./Images/Electric_field.JPG>
Package pdftex.def Info: ./Images/Electric_field.JPG  used on input line 452.
(pdftex.def)             Requested size: 107.50134pt x 78.59343pt.
 [11 <./Images/Electric_field.JPG>] [12]
<./Images/exp_scalar.JPEG, id=113, 462.528pt x 344.0052pt>
File: ./Images/exp_scalar.JPEG Graphic file (type jpg)
<use ./Images/exp_scalar.JPEG>
Package pdftex.def Info: ./Images/exp_scalar.JPEG  used on input line 486.
(pdftex.def)             Requested size: 161.88722pt x 120.40361pt.
<./Images/exp_contour.jpeg, id=114, 462.528pt x 344.0052pt>
File: ./Images/exp_contour.jpeg Graphic file (type jpg)
<use ./Images/exp_contour.jpeg>
Package pdftex.def Info: ./Images/exp_contour.jpeg  used on input line 492.
(pdftex.def)             Requested size: 161.88722pt x 120.40361pt.
<./Images/exp_quiver.jpeg, id=115, 462.528pt x 344.0052pt>
File: ./Images/exp_quiver.jpeg Graphic file (type jpg)
<use ./Images/exp_quiver.jpeg>
Package pdftex.def Info: ./Images/exp_quiver.jpeg  used on input line 508.
(pdftex.def)             Requested size: 161.88722pt x 120.40361pt.
<./Images/exp_contour_quiver.jpeg, id=116, 462.528pt x 344.0052pt>
File: ./Images/exp_contour_quiver.jpeg Graphic file (type jpg)
<use ./Images/exp_contour_quiver.jpeg>
Package pdftex.def Info: ./Images/exp_contour_quiver.jpeg  used on input line 514.
(pdftex.def)             Requested size: 161.88722pt x 120.40361pt.
 [13 <./Images/exp_scalar.JPEG> <./Images/exp_contour.jpeg> <./Images/exp_quiver.jpeg> <./Images/exp_contour_quiver.jpeg>] [14]
<./Images/Radial_out.png, id=123, 462.528pt x 344.0052pt>
File: ./Images/Radial_out.png Graphic file (type png)
<use ./Images/Radial_out.png>
Package pdftex.def Info: ./Images/Radial_out.png  used on input line 621.
(pdftex.def)             Requested size: 138.75946pt x 103.20235pt.
<./Images/2D_out.png, id=125, 462.528pt x 344.0052pt>
File: ./Images/2D_out.png Graphic file (type png)
<use ./Images/2D_out.png>
Package pdftex.def Info: ./Images/2D_out.png  used on input line 627.
(pdftex.def)             Requested size: 138.75946pt x 103.20235pt.
 [15 <./Images/Radial_out.png> <./Images/2D_out.png>]
<./Images/Radial_in.png, id=132, 462.528pt x 344.0052pt>
File: ./Images/Radial_in.png Graphic file (type png)
<use ./Images/Radial_in.png>
Package pdftex.def Info: ./Images/Radial_in.png  used on input line 652.
(pdftex.def)             Requested size: 138.75946pt x 103.20235pt.
<./Images/2D_in.png, id=133, 462.528pt x 344.0052pt>
File: ./Images/2D_in.png Graphic file (type png)
<use ./Images/2D_in.png>
Package pdftex.def Info: ./Images/2D_in.png  used on input line 658.
(pdftex.def)             Requested size: 138.75946pt x 103.20235pt.
 [16 <./Images/Radial_in.png> <./Images/2D_in.png>]
<./Images/Radial_none.png, id=139, 462.528pt x 344.0052pt>
File: ./Images/Radial_none.png Graphic file (type png)
<use ./Images/Radial_none.png>
Package pdftex.def Info: ./Images/Radial_none.png  used on input line 682.
(pdftex.def)             Requested size: 138.75946pt x 103.20235pt.
<./Images/2D_none.png, id=140, 462.528pt x 344.0052pt>
File: ./Images/2D_none.png Graphic file (type png)
<use ./Images/2D_none.png>
Package pdftex.def Info: ./Images/2D_none.png  used on input line 688.
(pdftex.def)             Requested size: 138.75946pt x 103.20235pt.
<./Images/Three.JPG, id=141, 383.63326pt x 97.5645pt>
File: ./Images/Three.JPG Graphic file (type jpg)
<use ./Images/Three.JPG>
Package pdftex.def Info: ./Images/Three.JPG  used on input line 699.
(pdftex.def)             Requested size: 268.54144pt x 68.29466pt.
 [17 <./Images/Radial_none.png> <./Images/2D_none.png> <./Images/Three.JPG>] [18] [19]

Package tcolorbox Warning: Using nobreak failed. Try to enlarge `lines before break' or set page breaks manually on input line 827.

[20] [21]
<./Images/Integral.JPG, id=160, 242.70676pt x 165.0165pt>
File: ./Images/Integral.JPG Graphic file (type jpg)
<use ./Images/Integral.JPG>
Package pdftex.def Info: ./Images/Integral.JPG  used on input line 947.
(pdftex.def)             Requested size: 145.62517pt x 99.01064pt.
<./Images/Line1.JPG, id=161, 158.994pt x 124.66576pt>
File: ./Images/Line1.JPG Graphic file (type jpg)
<use ./Images/Line1.JPG>
Package pdftex.def Info: ./Images/Line1.JPG  used on input line 968.
(pdftex.def)             Requested size: 68.99895pt x 54.1017pt.
<./Images/Line2.JPG, id=162, 186.6975pt x 156.585pt>
File: ./Images/Line2.JPG Graphic file (type jpg)
<use ./Images/Line2.JPG>
Package pdftex.def Info: ./Images/Line2.JPG  used on input line 974.
(pdftex.def)             Requested size: 68.99895pt x 57.86864pt.
 [22 <./Images/Integral.JPG> <./Images/Line1.JPG> <./Images/Line2.JPG>]
<./Images/Quad.JPG, id=166, 183.68625pt x 168.63pt>
File: ./Images/Quad.JPG Graphic file (type jpg)
<use ./Images/Quad.JPG>
Package pdftex.def Info: ./Images/Quad.JPG  used on input line 1034.
(pdftex.def)             Requested size: 73.47318pt x 67.45079pt.


LaTeX Warning: `h' float specifier changed to `ht'.

[23] [24 <./Images/Quad.JPG>]
<./Images/Type2.JPG, id=175, 125.268pt x 130.68825pt>
File: ./Images/Type2.JPG Graphic file (type jpg)
<use ./Images/Type2.JPG>
Package pdftex.def Info: ./Images/Type2.JPG  used on input line 1112.
(pdftex.def)             Requested size: 87.687pt x 91.48112pt.
 [25 <./Images/Type2.JPG>]
<./Images/Example1.JPG, id=179, 95.1555pt x 96.36pt>
File: ./Images/Example1.JPG Graphic file (type jpg)
<use ./Images/Example1.JPG>
Package pdftex.def Info: ./Images/Example1.JPG  used on input line 1147.
(pdftex.def)             Requested size: 76.12448pt x 77.08807pt.
 [26 <./Images/Example1.JPG>]
<./Images/Example2.JPG, id=183, 94.55325pt x 96.96225pt>
File: ./Images/Example2.JPG Graphic file (type jpg)
<use ./Images/Example2.JPG>
Package pdftex.def Info: ./Images/Example2.JPG  used on input line 1199.
(pdftex.def)             Requested size: 75.64268pt x 77.56989pt.
 [27 <./Images/Example2.JPG>]
<./Images/Ps1.JPG, id=187, 192.72pt x 183.084pt>
File: ./Images/Ps1.JPG Graphic file (type jpg)
<use ./Images/Ps1.JPG>
Package pdftex.def Info: ./Images/Ps1.JPG  used on input line 1231.
(pdftex.def)             Requested size: 154.1762pt x 146.46739pt.
 [28 <./Images/Ps1.JPG>]
Underfull \hbox (badness 10000) in paragraph at lines 1312--1318

 []

[29] [30]
<./Images/Inde_ex.JPG, id=198, 184.89075pt x 181.8795pt>
File: ./Images/Inde_ex.JPG Graphic file (type jpg)
<use ./Images/Inde_ex.JPG>
Package pdftex.def Info: ./Images/Inde_ex.JPG  used on input line 1389.
(pdftex.def)             Requested size: 110.93529pt x 109.12852pt.
 [31 <./Images/Inde_ex.JPG>] [32]
File: ./Images/Integral.JPG Graphic file (type jpg)
<use ./Images/Integral.JPG>
Package pdftex.def Info: ./Images/Integral.JPG  used on input line 1449.
(pdftex.def)             Requested size: 145.62517pt x 99.01064pt.
<./Images/Doubleint.JPG, id=205, 180.675pt x 122.25674pt>
File: ./Images/Doubleint.JPG Graphic file (type jpg)
<use ./Images/Doubleint.JPG>
Package pdftex.def Info: ./Images/Doubleint.JPG  used on input line 1458.
(pdftex.def)             Requested size: 117.43735pt x 79.46593pt.
 [33 <./Images/Doubleint.JPG>]
<./Images/Diff.JPG, id=209, 155.98276pt x 118.041pt>
File: ./Images/Diff.JPG Graphic file (type jpg)
<use ./Images/Diff.JPG>
Package pdftex.def Info: ./Images/Diff.JPG  used on input line 1477.
(pdftex.def)             Requested size: 103.50105pt x 78.32695pt.
File: ./Images/Doubleint.JPG Graphic file (type jpg)
<use ./Images/Doubleint.JPG>
Package pdftex.def Info: ./Images/Doubleint.JPG  used on input line 1483.
(pdftex.def)             Requested size: 103.50105pt x 70.0359pt.
<./Images/How.JPG, id=210, 235.47975pt x 177.66376pt>
File: ./Images/How.JPG Graphic file (type jpg)
<use ./Images/How.JPG>
Package pdftex.def Info: ./Images/How.JPG  used on input line 1495.
(pdftex.def)             Requested size: 141.28893pt x 106.59906pt.
 [34 <./Images/Diff.JPG> <./Images/How.JPG>]
<./Images/Ex3.JPG, id=214, 110.814pt x 102.98476pt>
File: ./Images/Ex3.JPG Graphic file (type jpg)
<use ./Images/Ex3.JPG>
Package pdftex.def Info: ./Images/Ex3.JPG  used on input line 1549.
(pdftex.def)             Requested size: 77.56924pt x 72.08882pt.
 [35 <./Images/Ex3.JPG>] [36]
<./Images/R.JPG, id=222, 145.14224pt x 116.23425pt>
File: ./Images/R.JPG Graphic file (type jpg)
<use ./Images/R.JPG>
Package pdftex.def Info: ./Images/R.JPG  used on input line 1616.
(pdftex.def)             Requested size: 108.8564pt x 87.17546pt.
<./Images/Jacob1.JPG, id=223, 97.5645pt x 99.37125pt>
File: ./Images/Jacob1.JPG Graphic file (type jpg)
<use ./Images/Jacob1.JPG>
Package pdftex.def Info: ./Images/Jacob1.JPG  used on input line 1648.
(pdftex.def)             Requested size: 68.99895pt x 70.2766pt.
<./Images/Jacob2.JPG, id=224, 121.05225pt x 96.96225pt>
File: ./Images/Jacob2.JPG Graphic file (type jpg)
<use ./Images/Jacob2.JPG>
Package pdftex.def Info: ./Images/Jacob2.JPG  used on input line 1654.
(pdftex.def)             Requested size: 68.99895pt x 55.26904pt.
 [37 <./Images/R.JPG>] [38 <./Images/Jacob1.JPG> <./Images/Jacob2.JPG>]
<./Images/Intro green.JPG, id=232, 169.8345pt x 112.0185pt>
File: ./Images/Intro green.JPG Graphic file (type jpg)
<use ./Images/Intro green.JPG>
Package pdftex.def Info: ./Images/Intro green.JPG  used on input line 1759.
(pdftex.def)             Requested size: 101.90147pt x 67.2116pt.
 [39 <./Images/Intro green.JPG>]
<./Images/flow.JPG, id=236, 199.947pt x 107.2005pt>
File: ./Images/flow.JPG Graphic file (type jpg)
<use ./Images/flow.JPG>
Package pdftex.def Info: ./Images/flow.JPG  used on input line 1781.
(pdftex.def)             Requested size: 119.96912pt x 64.32079pt.
<./Images/micro.JPG, id=237, 193.32225pt x 89.133pt>
File: ./Images/micro.JPG Graphic file (type jpg)
<use ./Images/micro.JPG>
Package pdftex.def Info: ./Images/micro.JPG  used on input line 1787.
(pdftex.def)             Requested size: 115.99423pt x 53.4802pt.
<./Images/combined.JPG, id=238, 196.3335pt x 101.78024pt>
File: ./Images/combined.JPG Graphic file (type jpg)
<use ./Images/combined.JPG>
Package pdftex.def Info: ./Images/combined.JPG  used on input line 1795.
(pdftex.def)             Requested size: 117.801pt x 61.06859pt.
<./Images/Greens.JPG, id=239, 181.8795pt x 126.4725pt>
File: ./Images/Greens.JPG Graphic file (type jpg)
<use ./Images/Greens.JPG>
Package pdftex.def Info: ./Images/Greens.JPG  used on input line 1810.
(pdftex.def)             Requested size: 181.87904pt x 126.47218pt.


LaTeX Warning: `h' float specifier changed to `ht'.

[40 <./Images/flow.JPG> <./Images/micro.JPG> <./Images/combined.JPG>]
<./Images/Gex1.JPG, id=243, 108.405pt x 96.36pt>
File: ./Images/Gex1.JPG Graphic file (type jpg)
<use ./Images/Gex1.JPG>
Package pdftex.def Info: ./Images/Gex1.JPG  used on input line 1844.
(pdftex.def)             Requested size: 108.40472pt x 96.35974pt.


LaTeX Warning: `!h' float specifier changed to `!ht'.

[41 <./Images/Greens.JPG>] [42 <./Images/Gex1.JPG>]
<./Images/Ex2.2.JPG, id=251, 166.82326pt x 145.14224pt>
File: ./Images/Ex2.2.JPG Graphic file (type jpg)
<use ./Images/Ex2.2.JPG>
Package pdftex.def Info: ./Images/Ex2.2.JPG  used on input line 1891.
(pdftex.def)             Requested size: 116.77548pt x 101.59886pt.
 [43 <./Images/Ex2.2.JPG>]
<./Images/Gauss.JPG, id=255, 88.53075pt x 52.39575pt>
File: ./Images/Gauss.JPG Graphic file (type jpg)
<use ./Images/Gauss.JPG>
Package pdftex.def Info: ./Images/Gauss.JPG  used on input line 1963.
(pdftex.def)             Requested size: 88.5305pt x 52.39561pt.
 [44 <./Images/Gauss.JPG>]
<./Images/Ex1_Gauss.JPG, id=259, 153.57375pt x 81.906pt>
File: ./Images/Ex1_Gauss.JPG Graphic file (type jpg)
<use ./Images/Ex1_Gauss.JPG>
Package pdftex.def Info: ./Images/Ex1_Gauss.JPG  used on input line 2024.
(pdftex.def)             Requested size: 115.18002pt x 61.42934pt.
 [45 <./Images/Ex1_Gauss.JPG>] [46]
<./Images/Stokes_Ex1.JPG, id=272, 236.082pt x 173.448pt>
File: ./Images/Stokes_Ex1.JPG Graphic file (type jpg)
<use ./Images/Stokes_Ex1.JPG>
Package pdftex.def Info: ./Images/Stokes_Ex1.JPG  used on input line 2100.
(pdftex.def)             Requested size: 165.25626pt x 121.41277pt.
 [47 <./Images/Stokes_Ex1.JPG>]
<./Images/Stokes_Ex2.JPG, id=276, 236.68425pt x 178.266pt>
File: ./Images/Stokes_Ex2.JPG Graphic file (type jpg)
<use ./Images/Stokes_Ex2.JPG>
Package pdftex.def Info: ./Images/Stokes_Ex2.JPG  used on input line 2138.
(pdftex.def)             Requested size: 165.67784pt x 124.78534pt.
 [48 <./Images/Stokes_Ex2.JPG>] [49] ("C:\Users\alw\AppData\Local\Programs\MiKTeX 2.9\tex/latex/listings\lstlang1.sty"
File: lstlang1.sty 2020/03/24 1.8d listings language file
) [50] ("C:\Users\alw\AppData\Local\Programs\MiKTeX 2.9\tex/latex/listings\lstlang1.sty"
File: lstlang1.sty 2020/03/24 1.8d listings language file
) [51] [52] [53] [54] [55] ("f:/OneDrive\OneDrive - Imperial College London\Academics\Second year\Maths\2nd Year Notes\3 - Vectors\Vectors.aux")

LaTeX Warning: There were multiply-defined labels.

 ) 
Here is how much of TeX's memory you used:
 22039 strings out of 480797
 464846 string characters out of 2896513
 1009342 words of memory out of 3000000
 37616 multiletter control sequences out of 15000+200000
 543522 words of font info for 62 fonts, out of 3000000 for 9000
 1141 hyphenation exceptions out of 8191
 66i,21n,103p,919b,1642s stack positions out of 5000i,500n,10000p,200000b,50000s
 <C:\Users\alw\AppData\Local\MiKTeX\2.9\fonts/pk/ljfour/jknappen/ec/dpi600\tcrm1000.pk><C:/Users/alw/AppData/Local/Programs/MiKTeX 2.9/fonts/type1/public/amsfonts/cm/cmbx10.pfb><C:/Users/alw/AppData/Local/Programs/MiKTeX 2.9/fonts/type1/public/amsfonts/cm/cmbx12.pfb><C:/Users/alw/AppData/Local/Programs/MiKTeX 2.9/fonts/type1/public/amsfonts/cm/cmbx7.pfb><C:/Users/alw/AppData/Local/Programs/MiKTeX 2.9/fonts/type1/public/amsfonts/cm/cmbx8.pfb><C:/Users/alw/AppData/Local/Programs/MiKTeX 2.9/fonts/type1/public/amsfonts/cm/cmbx9.pfb><C:/Users/alw/AppData/Local/Programs/MiKTeX 2.9/fonts/type1/public/amsfonts/cm/cmbxti10.pfb><C:/Users/alw/AppData/Local/Programs/MiKTeX 2.9/fonts/type1/public/amsfonts/cm/cmcsc10.pfb><C:/Users/alw/AppData/Local/Programs/MiKTeX 2.9/fonts/type1/public/amsfonts/cm/cmex10.pfb><C:/Users/alw/AppData/Local/Programs/MiKTeX 2.9/fonts/type1/public/amsfonts/cmextra/cmex8.pfb><C:/Users/alw/AppData/Local/Programs/MiKTeX 2.9/fonts/type1/public/amsfonts/cm/cmmi10.pfb><C:/Users/alw/AppData/Local/Programs/MiKTeX 2.9/fonts/type1/public/amsfonts/cm/cmmi12.pfb><C:/Users/alw/AppData/Local/Programs/MiKTeX 2.9/fonts/type1/public/amsfonts/cm/cmmi5.pfb><C:/Users/alw/AppData/Local/Programs/MiKTeX 2.9/fonts/type1/public/amsfonts/cm/cmmi6.pfb><C:/Users/alw/AppData/Local/Programs/MiKTeX 2.9/fonts/type1/public/amsfonts/cm/cmmi7.pfb><C:/Users/alw/AppData/Local/Programs/MiKTeX 2.9/fonts/type1/public/amsfonts/cm/cmmi8.pfb><C:/Users/alw/AppData/Local/Programs/MiKTeX 2.9/fonts/type1/public/amsfonts/cm/cmmi9.pfb><C:/Users/alw/AppData/Local/Programs/MiKTeX 2.9/fonts/type1/public/amsfonts/cm/cmr10.pfb><C:/Users/alw/AppData/Local/Programs/MiKTeX 2.9/fonts/type1/public/amsfonts/cm/cmr12.pfb><C:/Users/alw/AppData/Local/Programs/MiKTeX 2.9/fonts/type1/public/amsfonts/cm/cmr5.pfb><C:/Users/alw/AppData/Local/Programs/MiKTeX 2.9/fonts/type1/public/amsfonts/cm/cmr7.pfb><C:/Users/alw/AppData/Local/Programs/MiKTeX 2.9/fonts/type1/public/amsfonts/cm/cmr8.pfb><C:/Users/alw/AppData/Local/Programs/MiKTeX 2.9/fonts/type1/public/amsfonts/cm/cmr9.pfb><C:/Users/alw/AppData/Local/Programs/MiKTeX 2.9/fonts/type1/public/amsfonts/cm/cmsy10.pfb><C:/Users/alw/AppData/Local/Programs/MiKTeX 2.9/fonts/type1/public/amsfonts/cm/cmsy7.pfb><C:/Users/alw/AppData/Local/Programs/MiKTeX 2.9/fonts/type1/public/amsfonts/cm/cmsy9.pfb><C:/Users/alw/AppData/Local/Programs/MiKTeX 2.9/fonts/type1/public/amsfonts/cm/cmti10.pfb><C:/Users/alw/AppData/Local/Programs/MiKTeX 2.9/fonts/type1/public/amsfonts/cm/cmti7.pfb><C:/Users/alw/AppData/Local/Programs/MiKTeX 2.9/fonts/type1/public/amsfonts/cm/cmtt10.pfb>
Output written on "f:/OneDrive\OneDrive - Imperial College London\Academics\Second year\Maths\2nd Year Notes\3 - Vectors\Vectors.pdf" (56 pages, 2699033 bytes).
PDF statistics:
 397 PDF objects out of 1000 (max. 8388607)
 0 named destinations out of 1000 (max. 500000)
 412 words of extra memory for PDF output out of 10000 (max. 10000000)

